Attaching 29 probes...
@DEBUG: 0


@end[provision-cas.s, 11720, 11710, 11720, 4294968197, 0xffff8f37d2b08000, tracepoint:syscalls:sys_exit_fork]: 5783594211191392
@end[nc, 11720, 11710, 11720, 4294968197, 0xffff8f37d2b08000, tracepoint:syscalls:sys_exit_execve]: 5783594211352254
@end[provision-cas.s, 11721, 11710, 11721, 4294968197, 0xffff8f37d2b0df00, tracepoint:syscalls:sys_exit_fork]: 5783594211678159
@end[sleep, 11721, 11710, 11721, 4294968197, 0xffff8f37d2b0df00, tracepoint:syscalls:sys_exit_execve]: 5783594211808525
@end[sh, 11710, 11710, 11710, 4294968197, 0xffff8f3b417c0000, tracepoint:syscalls:sys_exit_execve]: 5783594218899699
@end[busybox, 11710, 11710, 11710, 4294968197, 0xffff8f3b417c0000, tracepoint:syscalls:sys_exit_execve]: 5783594218960904
@end[busybox, 11722, 11710, 11722, 4294968197, 0xffff8f3a2cfc8000, tracepoint:syscalls:sys_exit_fork]: 5783594219156985
@end[date, 11722, 11710, 11722, 4294968197, 0xffff8f3a2cfc8000, tracepoint:syscalls:sys_exit_execve]: 5783594219332391
@end[busybox, 11710, 11710, 11710, 4294968197, 0xffff8f3b417c0000, tracepoint:syscalls:sys_exit_fork]: 5783594219545051
@end[busybox, 11723, 11710, 11723, 4294968197, 0xffff8f437f984740, tracepoint:syscalls:sys_exit_fork]: 5783594219548428
@end[strace, 11723, 11710, 11723, 4294968197, 0xffff8f437f984740, tracepoint:syscalls:sys_exit_execve]: 5783594219645483
@end[strace, 11724, 11710, 11724, 4294968197, 0xffff8f3a2cfcaf80, tracepoint:syscalls:sys_exit_fork]: 5783594220093675
@end[strace, 11725, 11710, 11725, 4294968197, 0xffff8f3a2cfc97c0, tracepoint:syscalls:sys_exit_fork]: 5783594220157880
@end[strace, 11725, 11710, 11725, 4294968197, 0xffff8f3a2cfc97c0, tracepoint:syscalls:sys_exit_kill]: 5783594220187272
@end[strace, 11723, 11710, 11723, 4294968197, 0xffff8f437f984740, tracepoint:syscalls:sys_exit_fork]: 5783594220382933
@end[strace, 11726, 11710, 11726, 4294968197, 0xffff8f3a2cfcc740, tracepoint:syscalls:sys_exit_fork]: 5783594220384404
@end[strace, 11726, 11710, 11726, 4294968197, 0xffff8f3a2cfcc740, tracepoint:syscalls:sys_exit_kill]: 5783594220407939
@end[strace, 11723, 11710, 11723, 4294968197, 0xffff8f437f984740, tracepoint:syscalls:sys_exit_kill]: 5783594220423845
@end[erl, 11726, 11710, 11726, 4294968197, 0xffff8f3a2cfcc740, tracepoint:syscalls:sys_exit_execve]: 5783594220644523
@end[erl, 11726, 11710, 11726, 4294968197, 0xffff8f3a2cfcc740, tracepoint:syscalls:sys_exit_fork]: 5783594221516220
@end[erl, 11728, 11710, 11728, 4294968197, 0xffff8f44e1af97c0, tracepoint:syscalls:sys_exit_fork]: 5783594221794417
@end[erl, 11729, 11710, 11729, 4294968197, 0xffff8f3efbed4740, tracepoint:syscalls:sys_exit_fork]: 5783594222136334
@end[erl, 11727, 11710, 11727, 4294968197, 0xffff8f44e1ae0000, tracepoint:syscalls:sys_exit_fork]: 5783594222141699
@end[sed, 11729, 11710, 11729, 4294968197, 0xffff8f3efbed4740, tracepoint:syscalls:sys_exit_execve]: 5783594222387310
@end[erlexec, 11726, 11710, 11726, 4294968197, 0xffff8f3a2cfcc740, tracepoint:syscalls:sys_exit_execve]: 5783594224024004
@end[provision-cas.s, 11730, 11710, 11730, 4294968197, 0xffff8f3a06e95f00, tracepoint:syscalls:sys_exit_fork]: 5783594510653790
@end[nc, 11730, 11710, 11730, 4294968197, 0xffff8f3a06e95f00, tracepoint:syscalls:sys_exit_execve]: 5783594510810524
@end[provision-cas.s, 11731, 11710, 11731, 4294968197, 0xffff8f3a06e94740, tracepoint:syscalls:sys_exit_fork]: 5783594511060500
@end[sleep, 11731, 11710, 11731, 4294968197, 0xffff8f3a06e94740, tracepoint:syscalls:sys_exit_execve]: 5783594511177089
@end[provision-cas.s, 11732, 11710, 11732, 4294968197, 0xffff8f3ac79fc740, tracepoint:syscalls:sys_exit_fork]: 5783594612170343
@end[nc, 11732, 11710, 11732, 4294968197, 0xffff8f3ac79fc740, tracepoint:syscalls:sys_exit_execve]: 5783594612344506
@end[provision-cas.s, 11733, 11710, 11733, 4294968197, 0xffff8f3ac79f8000, tracepoint:syscalls:sys_exit_fork]: 5783594612622485
@end[sleep, 11733, 11710, 11733, 4294968197, 0xffff8f3ac79f8000, tracepoint:syscalls:sys_exit_execve]: 5783594612767612
@end[provision-cas.s, 11734, 11710, 11734, 4294968197, 0xffff8f42703d97c0, tracepoint:syscalls:sys_exit_fork]: 5783594911533153
@end[nc, 11734, 11710, 11734, 4294968197, 0xffff8f42703d97c0, tracepoint:syscalls:sys_exit_execve]: 5783594911686459
@end[provision-cas.s, 11735, 11710, 11735, 4294968197, 0xffff8f3a06e95f00, tracepoint:syscalls:sys_exit_fork]: 5783594911991500
@end[sleep, 11735, 11710, 11735, 4294968197, 0xffff8f3a06e95f00, tracepoint:syscalls:sys_exit_execve]: 5783594912129133
@end[provision-cas.s, 11736, 11710, 11736, 4294968197, 0xffff8f3ac79fc740, tracepoint:syscalls:sys_exit_fork]: 5783595013156348
@end[nc, 11736, 11710, 11736, 4294968197, 0xffff8f3ac79fc740, tracepoint:syscalls:sys_exit_execve]: 5783595013332098
@end[provision-cas.s, 11737, 11710, 11737, 4294968197, 0xffff8f4690f317c0, tracepoint:syscalls:sys_exit_fork]: 5783595013642645
@end[sleep, 11737, 11710, 11737, 4294968197, 0xffff8f4690f317c0, tracepoint:syscalls:sys_exit_execve]: 5783595013762912
@end[provision-cas.s, 11738, 11710, 11738, 4294968197, 0xffff8f3a06e90000, tracepoint:syscalls:sys_exit_fork]: 5783595312522567
@end[nc, 11738, 11710, 11738, 4294968197, 0xffff8f3a06e90000, tracepoint:syscalls:sys_exit_execve]: 5783595312674336
@end[provision-cas.s, 11739, 11710, 11739, 4294968197, 0xffff8f382fa3c740, tracepoint:syscalls:sys_exit_fork]: 5783595312984705
@end[sleep, 11739, 11710, 11739, 4294968197, 0xffff8f382fa3c740, tracepoint:syscalls:sys_exit_execve]: 5783595313115695
@end[provision-cas.s, 11740, 11710, 11740, 4294968197, 0xffff8f3ac79f8000, tracepoint:syscalls:sys_exit_fork]: 5783595414150192
@end[nc, 11740, 11710, 11740, 4294968197, 0xffff8f3ac79f8000, tracepoint:syscalls:sys_exit_execve]: 5783595414315322
@end[provision-cas.s, 11741, 11710, 11741, 4294968197, 0xffff8f37d89fdf00, tracepoint:syscalls:sys_exit_fork]: 5783595414641945
@end[sleep, 11741, 11710, 11741, 4294968197, 0xffff8f37d89fdf00, tracepoint:syscalls:sys_exit_execve]: 5783595414763171
@end[provision-cas.s, 11742, 11710, 11742, 4294968197, 0xffff8f382fa397c0, tracepoint:syscalls:sys_exit_fork]: 5783595713518466
@end[nc, 11742, 11710, 11742, 4294968197, 0xffff8f382fa397c0, tracepoint:syscalls:sys_exit_execve]: 5783595713661370
@end[provision-cas.s, 11743, 11710, 11743, 4294968197, 0xffff8f3a06e95f00, tracepoint:syscalls:sys_exit_fork]: 5783595713919743
@end[sleep, 11743, 11710, 11743, 4294968197, 0xffff8f3a06e95f00, tracepoint:syscalls:sys_exit_execve]: 5783595714052626
@end[provision-cas.s, 11744, 11710, 11744, 4294968197, 0xffff8f3ac79f8000, tracepoint:syscalls:sys_exit_fork]: 5783595815109407
@end[nc, 11744, 11710, 11744, 4294968197, 0xffff8f3ac79f8000, tracepoint:syscalls:sys_exit_execve]: 5783595815252538
@end[provision-cas.s, 11745, 11710, 11745, 4294968197, 0xffff8f3ac79fc740, tracepoint:syscalls:sys_exit_fork]: 5783595815558083
@end[sleep, 11745, 11710, 11745, 4294968197, 0xffff8f3ac79fc740, tracepoint:syscalls:sys_exit_execve]: 5783595815691956
@end[provision-cas.s, 11746, 11710, 11746, 4294968197, 0xffff8f38a6f197c0, tracepoint:syscalls:sys_exit_fork]: 5783596114379852
@end[nc, 11746, 11710, 11746, 4294968197, 0xffff8f38a6f197c0, tracepoint:syscalls:sys_exit_execve]: 5783596114554040
@end[provision-cas.s, 11747, 11710, 11747, 4294968197, 0xffff8f38a6f18000, tracepoint:syscalls:sys_exit_fork]: 5783596114862529
@end[sleep, 11747, 11710, 11747, 4294968197, 0xffff8f38a6f18000, tracepoint:syscalls:sys_exit_execve]: 5783596114988330
@end[provision-cas.s, 11748, 11710, 11748, 4294968197, 0xffff8f3ac79f8000, tracepoint:syscalls:sys_exit_fork]: 5783596216073488
@end[nc, 11748, 11710, 11748, 4294968197, 0xffff8f3ac79f8000, tracepoint:syscalls:sys_exit_execve]: 5783596216232193
@end[provision-cas.s, 11749, 11710, 11749, 4294968197, 0xffff8f3ac79f97c0, tracepoint:syscalls:sys_exit_fork]: 5783596216527574
@end[sleep, 11749, 11710, 11749, 4294968197, 0xffff8f3ac79f97c0, tracepoint:syscalls:sys_exit_execve]: 5783596216655701
@end[provision-cas.s, 11750, 11710, 11750, 4294968197, 0xffff8f38a6f197c0, tracepoint:syscalls:sys_exit_fork]: 5783596515319667
@end[nc, 11750, 11710, 11750, 4294968197, 0xffff8f38a6f197c0, tracepoint:syscalls:sys_exit_execve]: 5783596515474166
@end[provision-cas.s, 11751, 11710, 11751, 4294968197, 0xffff8f382fa3c740, tracepoint:syscalls:sys_exit_fork]: 5783596515795770
@end[sleep, 11751, 11710, 11751, 4294968197, 0xffff8f382fa3c740, tracepoint:syscalls:sys_exit_execve]: 5783596515927673
@end[provision-cas.s, 11752, 11710, 11752, 4294968197, 0xffff8f37d89fdf00, tracepoint:syscalls:sys_exit_fork]: 5783596617034148
@end[nc, 11752, 11710, 11752, 4294968197, 0xffff8f37d89fdf00, tracepoint:syscalls:sys_exit_execve]: 5783596617193577
@end[provision-cas.s, 11753, 11710, 11753, 4294968197, 0xffff8f3b4dea2f80, tracepoint:syscalls:sys_exit_fork]: 5783596617474918
@end[sleep, 11753, 11710, 11753, 4294968197, 0xffff8f3b4dea2f80, tracepoint:syscalls:sys_exit_execve]: 5783596617607098
@end[provision-cas.s, 11754, 11710, 11754, 4294968197, 0xffff8f38a6f18000, tracepoint:syscalls:sys_exit_fork]: 5783596916256248
@end[nc, 11754, 11710, 11754, 4294968197, 0xffff8f38a6f18000, tracepoint:syscalls:sys_exit_execve]: 5783596916395208
@end[provision-cas.s, 11755, 11710, 11755, 4294968197, 0xffff8f382fa3df00, tracepoint:syscalls:sys_exit_fork]: 5783596916699707
@end[sleep, 11755, 11710, 11755, 4294968197, 0xffff8f382fa3df00, tracepoint:syscalls:sys_exit_execve]: 5783596916861077
@end[provision-cas.s, 11756, 11710, 11756, 4294968197, 0xffff8f37d89f97c0, tracepoint:syscalls:sys_exit_fork]: 5783597017948547
@end[nc, 11756, 11710, 11756, 4294968197, 0xffff8f37d89f97c0, tracepoint:syscalls:sys_exit_execve]: 5783597018108685
@end[provision-cas.s, 11757, 11710, 11757, 4294968197, 0xffff8f37d2b097c0, tracepoint:syscalls:sys_exit_fork]: 5783597018426608
@end[sleep, 11757, 11710, 11757, 4294968197, 0xffff8f37d2b097c0, tracepoint:syscalls:sys_exit_execve]: 5783597018568166
@end[provision-cas.s, 11758, 11710, 11758, 4294968197, 0xffff8f3a06e95f00, tracepoint:syscalls:sys_exit_fork]: 5783597317209681
@end[nc, 11758, 11710, 11758, 4294968197, 0xffff8f3a06e95f00, tracepoint:syscalls:sys_exit_execve]: 5783597317352307
@end[provision-cas.s, 11759, 11710, 11759, 4294968197, 0xffff8f382fa3af80, tracepoint:syscalls:sys_exit_fork]: 5783597317670797
@end[sleep, 11759, 11710, 11759, 4294968197, 0xffff8f382fa3af80, tracepoint:syscalls:sys_exit_execve]: 5783597317780922
@end[provision-cas.s, 11760, 11710, 11760, 4294968197, 0xffff8f3b4dea2f80, tracepoint:syscalls:sys_exit_fork]: 5783597418945604
@end[nc, 11760, 11710, 11760, 4294968197, 0xffff8f3b4dea2f80, tracepoint:syscalls:sys_exit_execve]: 5783597419122169
@end[provision-cas.s, 11761, 11710, 11761, 4294968197, 0xffff8f37d2b0af80, tracepoint:syscalls:sys_exit_fork]: 5783597419441381
@end[sleep, 11761, 11710, 11761, 4294968197, 0xffff8f37d2b0af80, tracepoint:syscalls:sys_exit_execve]: 5783597419574003
@end[provision-cas.s, 11762, 11710, 11762, 4294968197, 0xffff8f42ac785f00, tracepoint:syscalls:sys_exit_fork]: 5783597718144466
@end[nc, 11762, 11710, 11762, 4294968197, 0xffff8f42ac785f00, tracepoint:syscalls:sys_exit_execve]: 5783597718288704
@end[provision-cas.s, 11763, 11710, 11763, 4294968197, 0xffff8f42ac7817c0, tracepoint:syscalls:sys_exit_fork]: 5783597718578510
@end[sleep, 11763, 11710, 11763, 4294968197, 0xffff8f42ac7817c0, tracepoint:syscalls:sys_exit_execve]: 5783597718693775
@end[provision-cas.s, 11764, 11710, 11764, 4294968197, 0xffff8f37d2b097c0, tracepoint:syscalls:sys_exit_fork]: 5783597819938887
@end[nc, 11764, 11710, 11764, 4294968197, 0xffff8f37d2b097c0, tracepoint:syscalls:sys_exit_execve]: 5783597820103994
@end[provision-cas.s, 11765, 11710, 11765, 4294968197, 0xffff8f3b4dea5f00, tracepoint:syscalls:sys_exit_fork]: 5783597820431428
@end[sleep, 11765, 11710, 11765, 4294968197, 0xffff8f3b4dea5f00, tracepoint:syscalls:sys_exit_execve]: 5783597820563467
@end[provision-cas.s, 11766, 11710, 11766, 4294968197, 0xffff8f382fa38000, tracepoint:syscalls:sys_exit_fork]: 5783598119335107
@end[nc, 11766, 11710, 11766, 4294968197, 0xffff8f382fa38000, tracepoint:syscalls:sys_exit_execve]: 5783598119499478
@end[provision-cas.s, 11767, 11710, 11767, 4294968197, 0xffff8f382fa3af80, tracepoint:syscalls:sys_exit_fork]: 5783598119808207
@end[sleep, 11767, 11710, 11767, 4294968197, 0xffff8f382fa3af80, tracepoint:syscalls:sys_exit_execve]: 5783598119949718
@end[provision-cas.s, 11768, 11710, 11768, 4294968197, 0xffff8f37d88d8000, tracepoint:syscalls:sys_exit_fork]: 5783598220852870
@end[nc, 11768, 11710, 11768, 4294968197, 0xffff8f37d88d8000, tracepoint:syscalls:sys_exit_execve]: 5783598221024136
@end[provision-cas.s, 11769, 11710, 11769, 4294968197, 0xffff8f4690f317c0, tracepoint:syscalls:sys_exit_fork]: 5783598221348498
@end[sleep, 11769, 11710, 11769, 4294968197, 0xffff8f4690f317c0, tracepoint:syscalls:sys_exit_execve]: 5783598221489371
@end[provision-cas.s, 11770, 11710, 11770, 4294968197, 0xffff8f382fa38000, tracepoint:syscalls:sys_exit_fork]: 5783598520350059
@end[nc, 11770, 11710, 11770, 4294968197, 0xffff8f382fa38000, tracepoint:syscalls:sys_exit_execve]: 5783598520528543
@end[provision-cas.s, 11771, 11710, 11771, 4294968197, 0xffff8f382fa3df00, tracepoint:syscalls:sys_exit_fork]: 5783598521070707
@end[sleep, 11771, 11710, 11771, 4294968197, 0xffff8f382fa3df00, tracepoint:syscalls:sys_exit_execve]: 5783598521193047
@end[provision-cas.s, 11772, 11710, 11772, 4294968197, 0xffff8f4690f30000, tracepoint:syscalls:sys_exit_fork]: 5783598621861433
@end[nc, 11772, 11710, 11772, 4294968197, 0xffff8f4690f30000, tracepoint:syscalls:sys_exit_execve]: 5783598622014597
@end[provision-cas.s, 11773, 11710, 11773, 4294968197, 0xffff8f4690f34740, tracepoint:syscalls:sys_exit_fork]: 5783598622345518
@end[sleep, 11773, 11710, 11773, 4294968197, 0xffff8f4690f34740, tracepoint:syscalls:sys_exit_execve]: 5783598622474621
@end[provision-cas.s, 11774, 11710, 11774, 4294968197, 0xffff8f382fa38000, tracepoint:syscalls:sys_exit_fork]: 5783598921575017
@end[nc, 11774, 11710, 11774, 4294968197, 0xffff8f382fa38000, tracepoint:syscalls:sys_exit_execve]: 5783598921737011
@end[provision-cas.s, 11775, 11710, 11775, 4294968197, 0xffff8f39f5024740, tracepoint:syscalls:sys_exit_fork]: 5783598922042486
@end[sleep, 11775, 11710, 11775, 4294968197, 0xffff8f39f5024740, tracepoint:syscalls:sys_exit_execve]: 5783598922206044
@end[provision-cas.s, 11776, 11710, 11776, 4294968197, 0xffff8f3b4dee2f80, tracepoint:syscalls:sys_exit_fork]: 5783599022818190
@end[nc, 11776, 11710, 11776, 4294968197, 0xffff8f3b4dee2f80, tracepoint:syscalls:sys_exit_execve]: 5783599022978432
@end[provision-cas.s, 11777, 11710, 11777, 4294968197, 0xffff8f37d2b0af80, tracepoint:syscalls:sys_exit_fork]: 5783599023302995
@end[sleep, 11777, 11710, 11777, 4294968197, 0xffff8f37d2b0af80, tracepoint:syscalls:sys_exit_execve]: 5783599023427845
@end[provision-cas.s, 11778, 11710, 11778, 4294968197, 0xffff8f382fa3df00, tracepoint:syscalls:sys_exit_fork]: 5783599322623218
@end[nc, 11778, 11710, 11778, 4294968197, 0xffff8f382fa3df00, tracepoint:syscalls:sys_exit_execve]: 5783599322798603
@end[provision-cas.s, 11779, 11710, 11779, 4294968197, 0xffff8f382fa3af80, tracepoint:syscalls:sys_exit_fork]: 5783599323117364
@end[sleep, 11779, 11710, 11779, 4294968197, 0xffff8f382fa3af80, tracepoint:syscalls:sys_exit_execve]: 5783599323247099
@end[provision-cas.s, 11780, 11710, 11780, 4294968197, 0xffff8f3b4dee17c0, tracepoint:syscalls:sys_exit_fork]: 5783599423773792
@end[nc, 11780, 11710, 11780, 4294968197, 0xffff8f3b4dee17c0, tracepoint:syscalls:sys_exit_execve]: 5783599423926410
@end[provision-cas.s, 11781, 11710, 11781, 4294968197, 0xffff8f3b4dee4740, tracepoint:syscalls:sys_exit_fork]: 5783599424214986
@end[sleep, 11781, 11710, 11781, 4294968197, 0xffff8f3b4dee4740, tracepoint:syscalls:sys_exit_execve]: 5783599424333376
@end[provision-cas.s, 11782, 11710, 11782, 4294968197, 0xffff8f3ac7842f80, tracepoint:syscalls:sys_exit_fork]: 5783599723663357
@end[nc, 11782, 11710, 11782, 4294968197, 0xffff8f3ac7842f80, tracepoint:syscalls:sys_exit_execve]: 5783599723828020
@end[provision-cas.s, 11783, 11710, 11783, 4294968197, 0xffff8f39f5025f00, tracepoint:syscalls:sys_exit_fork]: 5783599724093279
@end[sleep, 11783, 11710, 11783, 4294968197, 0xffff8f39f5025f00, tracepoint:syscalls:sys_exit_execve]: 5783599724223485
@end[provision-cas.s, 11784, 11710, 11784, 4294968197, 0xffff8f37d88d97c0, tracepoint:syscalls:sys_exit_fork]: 5783599824719860
@end[nc, 11784, 11710, 11784, 4294968197, 0xffff8f37d88d97c0, tracepoint:syscalls:sys_exit_execve]: 5783599824911786
@end[provision-cas.s, 11785, 11710, 11785, 4294968197, 0xffff8f37d88ddf00, tracepoint:syscalls:sys_exit_fork]: 5783599825197432
@end[sleep, 11785, 11710, 11785, 4294968197, 0xffff8f37d88ddf00, tracepoint:syscalls:sys_exit_execve]: 5783599825337478
@end[provision-cas.s, 11786, 11710, 11786, 4294968197, 0xffff8f39f5024740, tracepoint:syscalls:sys_exit_fork]: 5783600124564155
@end[nc, 11786, 11710, 11786, 4294968197, 0xffff8f39f5024740, tracepoint:syscalls:sys_exit_execve]: 5783600124742110
@end[provision-cas.s, 11787, 11710, 11787, 4294968197, 0xffff8f39f50217c0, tracepoint:syscalls:sys_exit_fork]: 5783600125036656
@end[sleep, 11787, 11710, 11787, 4294968197, 0xffff8f39f50217c0, tracepoint:syscalls:sys_exit_execve]: 5783600125182002
@end[provision-cas.s, 11788, 11710, 11788, 4294968197, 0xffff8f3e40d1df00, tracepoint:syscalls:sys_exit_fork]: 5783600225772689
@end[nc, 11788, 11710, 11788, 4294968197, 0xffff8f3e40d1df00, tracepoint:syscalls:sys_exit_execve]: 5783600225924787
@end[provision-cas.s, 11789, 11710, 11789, 4294968197, 0xffff8f3b4dee4740, tracepoint:syscalls:sys_exit_fork]: 5783600226222351
@end[sleep, 11789, 11710, 11789, 4294968197, 0xffff8f3b4dee4740, tracepoint:syscalls:sys_exit_execve]: 5783600226338078
@end[provision-cas.s, 11790, 11710, 11790, 4294968197, 0xffff8f39f5025f00, tracepoint:syscalls:sys_exit_fork]: 5783600525568364
@end[nc, 11790, 11710, 11790, 4294968197, 0xffff8f39f5025f00, tracepoint:syscalls:sys_exit_execve]: 5783600525710444
@end[provision-cas.s, 11791, 11710, 11791, 4294968197, 0xffff8f39f5020000, tracepoint:syscalls:sys_exit_fork]: 5783600525995276
@end[sleep, 11791, 11710, 11791, 4294968197, 0xffff8f39f5020000, tracepoint:syscalls:sys_exit_execve]: 5783600526128263
@end[provision-cas.s, 11792, 11710, 11792, 4294968197, 0xffff8f3b4dee17c0, tracepoint:syscalls:sys_exit_fork]: 5783600626703964
@end[nc, 11792, 11710, 11792, 4294968197, 0xffff8f3b4dee17c0, tracepoint:syscalls:sys_exit_execve]: 5783600626872994
@end[provision-cas.s, 11793, 11710, 11793, 4294968197, 0xffff8f3b4dee2f80, tracepoint:syscalls:sys_exit_fork]: 5783600627174841
@end[sleep, 11793, 11710, 11793, 4294968197, 0xffff8f3b4dee2f80, tracepoint:syscalls:sys_exit_execve]: 5783600627309794
@end[provision-cas.s, 11794, 11710, 11794, 4294968197, 0xffff8f39f5025f00, tracepoint:syscalls:sys_exit_fork]: 5783600926505085
@end[nc, 11794, 11710, 11794, 4294968197, 0xffff8f39f5025f00, tracepoint:syscalls:sys_exit_execve]: 5783600926654855
@end[provision-cas.s, 11795, 11710, 11795, 4294968197, 0xffff8f39d3eb17c0, tracepoint:syscalls:sys_exit_fork]: 5783600926980782
@end[sleep, 11795, 11710, 11795, 4294968197, 0xffff8f39d3eb17c0, tracepoint:syscalls:sys_exit_execve]: 5783600927134132
@end[provision-cas.s, 11796, 11710, 11796, 4294968197, 0xffff8f3b4dee17c0, tracepoint:syscalls:sys_exit_fork]: 5783601027647654
@end[nc, 11796, 11710, 11796, 4294968197, 0xffff8f3b4dee17c0, tracepoint:syscalls:sys_exit_execve]: 5783601027803950
@end[provision-cas.s, 11797, 11710, 11797, 4294968197, 0xffff8f3e40d18000, tracepoint:syscalls:sys_exit_fork]: 5783601028200418
@end[sleep, 11797, 11710, 11797, 4294968197, 0xffff8f3e40d18000, tracepoint:syscalls:sys_exit_execve]: 5783601028343528
@end[provision-cas.s, 11798, 11710, 11798, 4294968197, 0xffff8f3a06e90000, tracepoint:syscalls:sys_exit_fork]: 5783601327496308
@end[nc, 11798, 11710, 11798, 4294968197, 0xffff8f3a06e90000, tracepoint:syscalls:sys_exit_execve]: 5783601327639881
@end[provision-cas.s, 11799, 11710, 11799, 4294968197, 0xffff8f3a06e94740, tracepoint:syscalls:sys_exit_fork]: 5783601327904691
@end[sleep, 11799, 11710, 11799, 4294968197, 0xffff8f3a06e94740, tracepoint:syscalls:sys_exit_execve]: 5783601328008750
@end[provision-cas.s, 11800, 11710, 11800, 4294968197, 0xffff8f3e40d197c0, tracepoint:syscalls:sys_exit_fork]: 5783601428703393
@end[nc, 11800, 11710, 11800, 4294968197, 0xffff8f3e40d197c0, tracepoint:syscalls:sys_exit_execve]: 5783601428887312
@end[provision-cas.s, 11801, 11710, 11801, 4294968197, 0xffff8f37d2b0df00, tracepoint:syscalls:sys_exit_fork]: 5783601429202238
@end[sleep, 11801, 11710, 11801, 4294968197, 0xffff8f37d2b0df00, tracepoint:syscalls:sys_exit_execve]: 5783601429331523
@end[provision-cas.s, 11802, 11710, 11802, 4294968197, 0xffff8f382fa3c740, tracepoint:syscalls:sys_exit_fork]: 5783601728366634
@end[nc, 11802, 11710, 11802, 4294968197, 0xffff8f382fa3c740, tracepoint:syscalls:sys_exit_execve]: 5783601728521085
@end[provision-cas.s, 11803, 11710, 11803, 4294968197, 0xffff8f382fa397c0, tracepoint:syscalls:sys_exit_fork]: 5783601728803103
@end[sleep, 11803, 11710, 11803, 4294968197, 0xffff8f382fa397c0, tracepoint:syscalls:sys_exit_execve]: 5783601728941552
@end[provision-cas.s, 11804, 11710, 11804, 4294968197, 0xffff8f3b4dee2f80, tracepoint:syscalls:sys_exit_fork]: 5783601829711709
@end[nc, 11804, 11710, 11804, 4294968197, 0xffff8f3b4dee2f80, tracepoint:syscalls:sys_exit_execve]: 5783601829883364
@end[provision-cas.s, 11805, 11710, 11805, 4294968197, 0xffff8f3b4dee4740, tracepoint:syscalls:sys_exit_fork]: 5783601830186599
@end[sleep, 11805, 11710, 11805, 4294968197, 0xffff8f3b4dee4740, tracepoint:syscalls:sys_exit_execve]: 5783601830312922
@end[provision-cas.s, 11806, 11710, 11806, 4294968197, 0xffff8f42ac7817c0, tracepoint:syscalls:sys_exit_fork]: 5783602129337071
@end[nc, 11806, 11710, 11806, 4294968197, 0xffff8f42ac7817c0, tracepoint:syscalls:sys_exit_execve]: 5783602129689122
@end[provision-cas.s, 11807, 11710, 11807, 4294968197, 0xffff8f3ac7842f80, tracepoint:syscalls:sys_exit_fork]: 5783602129975625
@end[sleep, 11807, 11710, 11807, 4294968197, 0xffff8f3ac7842f80, tracepoint:syscalls:sys_exit_execve]: 5783602130105862
@end[provision-cas.s, 11808, 11710, 11808, 4294968197, 0xffff8f3b4dee0000, tracepoint:syscalls:sys_exit_fork]: 5783602230647389
@end[nc, 11808, 11710, 11808, 4294968197, 0xffff8f3b4dee0000, tracepoint:syscalls:sys_exit_execve]: 5783602230783528
@end[provision-cas.s, 11809, 11710, 11809, 4294968197, 0xffff8f3b4dea0000, tracepoint:syscalls:sys_exit_fork]: 5783602231079943
@end[sleep, 11809, 11710, 11809, 4294968197, 0xffff8f3b4dea0000, tracepoint:syscalls:sys_exit_execve]: 5783602231214204
@end[provision-cas.s, 11810, 11710, 11810, 4294968197, 0xffff8f3ac7840000, tracepoint:syscalls:sys_exit_fork]: 5783602530452569
@end[nc, 11810, 11710, 11810, 4294968197, 0xffff8f3ac7840000, tracepoint:syscalls:sys_exit_execve]: 5783602530593196
@end[provision-cas.s, 11811, 11710, 11811, 4294968197, 0xffff8f3a06e90000, tracepoint:syscalls:sys_exit_fork]: 5783602530869553
@end[sleep, 11811, 11710, 11811, 4294968197, 0xffff8f3a06e90000, tracepoint:syscalls:sys_exit_execve]: 5783602530987202
@end[provision-cas.s, 11812, 11710, 11812, 4294968197, 0xffff8f37d88ddf00, tracepoint:syscalls:sys_exit_fork]: 5783602631562404
@end[nc, 11812, 11710, 11812, 4294968197, 0xffff8f37d88ddf00, tracepoint:syscalls:sys_exit_execve]: 5783602631763894
@end[provision-cas.s, 11813, 11710, 11813, 4294968197, 0xffff8f3b4dee4740, tracepoint:syscalls:sys_exit_fork]: 5783602632063145
@end[sleep, 11813, 11710, 11813, 4294968197, 0xffff8f3b4dee4740, tracepoint:syscalls:sys_exit_execve]: 5783602632204093
@end[provision-cas.s, 11814, 11710, 11814, 4294968197, 0xffff8f3ac7842f80, tracepoint:syscalls:sys_exit_fork]: 5783602931340272
@end[nc, 11814, 11710, 11814, 4294968197, 0xffff8f3ac7842f80, tracepoint:syscalls:sys_exit_execve]: 5783602931484147
@end[provision-cas.s, 11815, 11710, 11815, 4294968197, 0xffff8f39f5020000, tracepoint:syscalls:sys_exit_fork]: 5783602931768658
@end[sleep, 11815, 11710, 11815, 4294968197, 0xffff8f39f5020000, tracepoint:syscalls:sys_exit_execve]: 5783602931885379
@end[provision-cas.s, 11816, 11710, 11816, 4294968197, 0xffff8f3b4dee0000, tracepoint:syscalls:sys_exit_fork]: 5783603032584362
@end[nc, 11816, 11710, 11816, 4294968197, 0xffff8f3b4dee0000, tracepoint:syscalls:sys_exit_execve]: 5783603032737607
@end[provision-cas.s, 11817, 11710, 11817, 4294968197, 0xffff8f3b4dee2f80, tracepoint:syscalls:sys_exit_fork]: 5783603033015843
@end[sleep, 11817, 11710, 11817, 4294968197, 0xffff8f3b4dee2f80, tracepoint:syscalls:sys_exit_execve]: 5783603033163327
@end[provision-cas.s, 11818, 11710, 11818, 4294968197, 0xffff8f39f50217c0, tracepoint:syscalls:sys_exit_fork]: 5783603332252175
@end[nc, 11818, 11710, 11818, 4294968197, 0xffff8f39f50217c0, tracepoint:syscalls:sys_exit_execve]: 5783603332395986
@end[provision-cas.s, 11819, 11710, 11819, 4294968197, 0xffff8f42703dc740, tracepoint:syscalls:sys_exit_fork]: 5783603332697106
@end[sleep, 11819, 11710, 11819, 4294968197, 0xffff8f42703dc740, tracepoint:syscalls:sys_exit_execve]: 5783603332811362
@end[provision-cas.s, 11820, 11710, 11820, 4294968197, 0xffff8f37d89f8000, tracepoint:syscalls:sys_exit_fork]: 5783603433569370
@end[nc, 11820, 11710, 11820, 4294968197, 0xffff8f37d89f8000, tracepoint:syscalls:sys_exit_execve]: 5783603433724680
@end[provision-cas.s, 11821, 11710, 11821, 4294968197, 0xffff8f37d89faf80, tracepoint:syscalls:sys_exit_fork]: 5783603434005410
@end[sleep, 11821, 11710, 11821, 4294968197, 0xffff8f37d89faf80, tracepoint:syscalls:sys_exit_execve]: 5783603434145217
@end[provision-cas.s, 11822, 11710, 11822, 4294968197, 0xffff8f3a06e90000, tracepoint:syscalls:sys_exit_fork]: 5783603733151857
@end[nc, 11822, 11710, 11822, 4294968197, 0xffff8f3a06e90000, tracepoint:syscalls:sys_exit_execve]: 5783603733309932
@end[provision-cas.s, 11827, 11710, 11827, 4294968197, 0xffff8f42703daf80, tracepoint:syscalls:sys_exit_fork]: 5783603733624065
@end[sleep, 11827, 11710, 11827, 4294968197, 0xffff8f42703daf80, tracepoint:syscalls:sys_exit_execve]: 5783603733786623
@end[provision-cas.s, 11828, 11710, 11828, 4294968197, 0xffff8f37d89f8000, tracepoint:syscalls:sys_exit_fork]: 5783603834512819
@end[nc, 11828, 11710, 11828, 4294968197, 0xffff8f37d89f8000, tracepoint:syscalls:sys_exit_execve]: 5783603834685422
@end[provision-cas.s, 11829, 11710, 11829, 4294968197, 0xffff8f37d89fc740, tracepoint:syscalls:sys_exit_fork]: 5783603834963776
@end[sleep, 11829, 11710, 11829, 4294968197, 0xffff8f37d89fc740, tracepoint:syscalls:sys_exit_execve]: 5783603835092925
@end[provision-cas.s, 11830, 11710, 11830, 4294968197, 0xffff8f39d3eb4740, tracepoint:syscalls:sys_exit_fork]: 5783604134148641
@end[nc, 11830, 11710, 11830, 4294968197, 0xffff8f39d3eb4740, tracepoint:syscalls:sys_exit_execve]: 5783604134315383
@end[provision-cas.s, 11831, 11710, 11831, 4294968197, 0xffff8f39d3eb0000, tracepoint:syscalls:sys_exit_fork]: 5783604134609022
@end[sleep, 11831, 11710, 11831, 4294968197, 0xffff8f39d3eb0000, tracepoint:syscalls:sys_exit_execve]: 5783604134749273
@end[provision-cas.s, 11832, 11710, 11832, 4294968197, 0xffff8f37d88d97c0, tracepoint:syscalls:sys_exit_fork]: 5783604235465683
@end[nc, 11832, 11710, 11832, 4294968197, 0xffff8f37d88d97c0, tracepoint:syscalls:sys_exit_execve]: 5783604235608714
@end[provision-cas.s, 11833, 11710, 11833, 4294968197, 0xffff8f37d88daf80, tracepoint:syscalls:sys_exit_fork]: 5783604235920190
@end[sleep, 11833, 11710, 11833, 4294968197, 0xffff8f37d88daf80, tracepoint:syscalls:sys_exit_execve]: 5783604236052668
@end[provision-cas.s, 11834, 11710, 11834, 4294968197, 0xffff8f38a6f18000, tracepoint:syscalls:sys_exit_fork]: 5783604535125477
@end[nc, 11834, 11710, 11834, 4294968197, 0xffff8f38a6f18000, tracepoint:syscalls:sys_exit_execve]: 5783604535293796
@end[provision-cas.s, 11835, 11710, 11835, 4294968197, 0xffff8f38a6f197c0, tracepoint:syscalls:sys_exit_fork]: 5783604535611890
@end[sleep, 11835, 11710, 11835, 4294968197, 0xffff8f38a6f197c0, tracepoint:syscalls:sys_exit_execve]: 5783604535765659
@end[provision-cas.s, 11836, 11710, 11836, 4294968197, 0xffff8f37d88d97c0, tracepoint:syscalls:sys_exit_fork]: 5783604636409272
@end[nc, 11836, 11710, 11836, 4294968197, 0xffff8f37d88d97c0, tracepoint:syscalls:sys_exit_execve]: 5783604636573356
@end[provision-cas.s, 11837, 11710, 11837, 4294968197, 0xffff8f3ac79f8000, tracepoint:syscalls:sys_exit_fork]: 5783604636895450
@end[sleep, 11837, 11710, 11837, 4294968197, 0xffff8f3ac79f8000, tracepoint:syscalls:sys_exit_execve]: 5783604637027649
@end[provision-cas.s, 11838, 11710, 11838, 4294968197, 0xffff8f382fa3c740, tracepoint:syscalls:sys_exit_fork]: 5783604936074735
@end[nc, 11838, 11710, 11838, 4294968197, 0xffff8f382fa3c740, tracepoint:syscalls:sys_exit_execve]: 5783604936235085
@end[provision-cas.s, 11839, 11710, 11839, 4294968197, 0xffff8f38a6f18000, tracepoint:syscalls:sys_exit_fork]: 5783604936556052
@end[sleep, 11839, 11710, 11839, 4294968197, 0xffff8f38a6f18000, tracepoint:syscalls:sys_exit_execve]: 5783604936697211
@end[provision-cas.s, 11840, 11710, 11840, 4294968197, 0xffff8f3ac79fc740, tracepoint:syscalls:sys_exit_fork]: 5783605037395189
@end[nc, 11840, 11710, 11840, 4294968197, 0xffff8f3ac79fc740, tracepoint:syscalls:sys_exit_execve]: 5783605037565364
@end[provision-cas.s, 11841, 11710, 11841, 4294968197, 0xffff8f4690f317c0, tracepoint:syscalls:sys_exit_fork]: 5783605037854769
@end[sleep, 11841, 11710, 11841, 4294968197, 0xffff8f4690f317c0, tracepoint:syscalls:sys_exit_execve]: 5783605037992227
@end[provision-cas.s, 11842, 11710, 11842, 4294968197, 0xffff8f38a6f1df00, tracepoint:syscalls:sys_exit_fork]: 5783605337117612
@end[nc, 11842, 11710, 11842, 4294968197, 0xffff8f38a6f1df00, tracepoint:syscalls:sys_exit_execve]: 5783605337275546
@end[provision-cas.s, 11843, 11710, 11843, 4294968197, 0xffff8f38a6f1af80, tracepoint:syscalls:sys_exit_fork]: 5783605337580032
@end[sleep, 11843, 11710, 11843, 4294968197, 0xffff8f38a6f1af80, tracepoint:syscalls:sys_exit_execve]: 5783605337699907
@end[provision-cas.s, 11844, 11710, 11844, 4294968197, 0xffff8f4690f32f80, tracepoint:syscalls:sys_exit_fork]: 5783605438392108
@end[nc, 11844, 11710, 11844, 4294968197, 0xffff8f4690f32f80, tracepoint:syscalls:sys_exit_execve]: 5783605438532940
@end[provision-cas.s, 11845, 11710, 11845, 4294968197, 0xffff8f4690f35f00, tracepoint:syscalls:sys_exit_fork]: 5783605438825512
@end[sleep, 11845, 11710, 11845, 4294968197, 0xffff8f4690f35f00, tracepoint:syscalls:sys_exit_execve]: 5783605438970590
@end[provision-cas.s, 11846, 11710, 11846, 4294968197, 0xffff8f38a6f1df00, tracepoint:syscalls:sys_exit_fork]: 5783605738072515
@end[nc, 11846, 11710, 11846, 4294968197, 0xffff8f38a6f1df00, tracepoint:syscalls:sys_exit_execve]: 5783605738236092
@end[provision-cas.s, 11847, 11710, 11847, 4294968197, 0xffff8f42ac785f00, tracepoint:syscalls:sys_exit_fork]: 5783605738577033
@end[sleep, 11847, 11710, 11847, 4294968197, 0xffff8f42ac785f00, tracepoint:syscalls:sys_exit_execve]: 5783605738781315
@end[provision-cas.s, 11848, 11710, 11848, 4294968197, 0xffff8f4690f317c0, tracepoint:syscalls:sys_exit_fork]: 5783605839333850
@end[nc, 11848, 11710, 11848, 4294968197, 0xffff8f4690f317c0, tracepoint:syscalls:sys_exit_execve]: 5783605839480567
@end[provision-cas.s, 11849, 11710, 11849, 4294968197, 0xffff8f3e40d18000, tracepoint:syscalls:sys_exit_fork]: 5783605839777218
@end[sleep, 11849, 11710, 11849, 4294968197, 0xffff8f3e40d18000, tracepoint:syscalls:sys_exit_execve]: 5783605839888920
@end[provision-cas.s, 11850, 11710, 11850, 4294968197, 0xffff8f42ac782f80, tracepoint:syscalls:sys_exit_fork]: 5783606139185677
@end[nc, 11850, 11710, 11850, 4294968197, 0xffff8f42ac782f80, tracepoint:syscalls:sys_exit_execve]: 5783606139377130
@end[provision-cas.s, 11851, 11710, 11851, 4294968197, 0xffff8f42ac780000, tracepoint:syscalls:sys_exit_fork]: 5783606139737361
@end[sleep, 11851, 11710, 11851, 4294968197, 0xffff8f42ac780000, tracepoint:syscalls:sys_exit_execve]: 5783606139866139
@end[provision-cas.s, 11852, 11710, 11852, 4294968197, 0xffff8f37d89faf80, tracepoint:syscalls:sys_exit_fork]: 5783606240255679
@end[nc, 11852, 11710, 11852, 4294968197, 0xffff8f37d89faf80, tracepoint:syscalls:sys_exit_execve]: 5783606240428544
@end[provision-cas.s, 11853, 11710, 11853, 4294968197, 0xffff8f37d89fc740, tracepoint:syscalls:sys_exit_fork]: 5783606240757685
@end[sleep, 11853, 11710, 11853, 4294968197, 0xffff8f37d89fc740, tracepoint:syscalls:sys_exit_execve]: 5783606240888371
@end[provision-cas.s, 11854, 11710, 11854, 4294968197, 0xffff8f42ac782f80, tracepoint:syscalls:sys_exit_fork]: 5783606540251417
@end[nc, 11854, 11710, 11854, 4294968197, 0xffff8f42ac782f80, tracepoint:syscalls:sys_exit_execve]: 5783606540382384
@end[provision-cas.s, 11855, 11710, 11855, 4294968197, 0xffff8f38a6f1af80, tracepoint:syscalls:sys_exit_fork]: 5783606540687883
@end[sleep, 11855, 11710, 11855, 4294968197, 0xffff8f38a6f1af80, tracepoint:syscalls:sys_exit_execve]: 5783606540828910
@end[provision-cas.s, 11856, 11710, 11856, 4294968197, 0xffff8f37d89faf80, tracepoint:syscalls:sys_exit_fork]: 5783606641233064
@end[nc, 11856, 11710, 11856, 4294968197, 0xffff8f37d89faf80, tracepoint:syscalls:sys_exit_execve]: 5783606641384477
@end[provision-cas.s, 11857, 11710, 11857, 4294968197, 0xffff8f37d89f8000, tracepoint:syscalls:sys_exit_fork]: 5783606641647499
@end[sleep, 11857, 11710, 11857, 4294968197, 0xffff8f37d89f8000, tracepoint:syscalls:sys_exit_execve]: 5783606641774339
@end[provision-cas.s, 11858, 11710, 11858, 4294968197, 0xffff8f38a6f18000, tracepoint:syscalls:sys_exit_fork]: 5783606941226871
@end[nc, 11858, 11710, 11858, 4294968197, 0xffff8f38a6f18000, tracepoint:syscalls:sys_exit_execve]: 5783606941369017
@end[provision-cas.s, 11859, 11710, 11859, 4294968197, 0xffff8f382fa3c740, tracepoint:syscalls:sys_exit_fork]: 5783606941658157
@end[sleep, 11859, 11710, 11859, 4294968197, 0xffff8f382fa3c740, tracepoint:syscalls:sys_exit_execve]: 5783606941786186
@end[provision-cas.s, 11860, 11710, 11860, 4294968197, 0xffff8f3ac79f8000, tracepoint:syscalls:sys_exit_fork]: 5783607042146243
@end[nc, 11860, 11710, 11860, 4294968197, 0xffff8f3ac79f8000, tracepoint:syscalls:sys_exit_execve]: 5783607042312104
@end[provision-cas.s, 11861, 11710, 11861, 4294968197, 0xffff8f3ac79fc740, tracepoint:syscalls:sys_exit_fork]: 5783607042617055
@end[sleep, 11861, 11710, 11861, 4294968197, 0xffff8f3ac79fc740, tracepoint:syscalls:sys_exit_execve]: 5783607042734887
@end[provision-cas.s, 11862, 11710, 11862, 4294968197, 0xffff8f42ac780000, tracepoint:syscalls:sys_exit_fork]: 5783607342161469
@end[nc, 11862, 11710, 11862, 4294968197, 0xffff8f42ac780000, tracepoint:syscalls:sys_exit_execve]: 5783607342315968
@end[provision-cas.s, 11863, 11710, 11863, 4294968197, 0xffff8f42ac785f00, tracepoint:syscalls:sys_exit_fork]: 5783607342640119
@end[sleep, 11863, 11710, 11863, 4294968197, 0xffff8f42ac785f00, tracepoint:syscalls:sys_exit_execve]: 5783607342766393
@end[provision-cas.s, 11864, 11710, 11864, 4294968197, 0xffff8f37d89faf80, tracepoint:syscalls:sys_exit_fork]: 5783607443066018
@end[nc, 11864, 11710, 11864, 4294968197, 0xffff8f37d89faf80, tracepoint:syscalls:sys_exit_execve]: 5783607443237597
@end[provision-cas.s, 11865, 11710, 11865, 4294968197, 0xffff8f37d89fc740, tracepoint:syscalls:sys_exit_fork]: 5783607443525737
@end[sleep, 11865, 11710, 11865, 4294968197, 0xffff8f37d89fc740, tracepoint:syscalls:sys_exit_execve]: 5783607443654064
@end[erlexec, 11726, 11710, 11866, 4294968197, 0xffff8f3a2cfcaf80, tracepoint:syscalls:sys_exit_clone]: 5783607523924590
@end[erlexec, 11726, 11710, 11867, 4294968197, 0xffff8f437f980000, tracepoint:syscalls:sys_exit_clone]: 5783607524322084
@end[erlexec, 11726, 11710, 11868, 4294968197, 0xffff8f3a2cfcdf00, tracepoint:syscalls:sys_exit_clone]: 5783607524598231
@end[erlexec, 11726, 11710, 11871, 4294968197, 0xffff8f39ffc84740, tracepoint:syscalls:sys_exit_clone]: 5783607525220916
@end[erlexec, 11726, 11710, 11726, 4294968197, 0xffff8f3a2cfcc740, tracepoint:syscalls:sys_exit_clone]: 5783607528697872
@end[erlexec, 11726, 11710, 11878, 4294968197, 0xffff8f3be03f8000, tracepoint:syscalls:sys_exit_clone]: 5783607528699697
@end[erlexec, 11726, 11710, 11874, 4294968197, 0xffff8f39ffc80000, tracepoint:syscalls:sys_exit_clone]: 5783607528897274
@end[erlexec, 11726, 11710, 11875, 4294968197, 0xffff8f39ffc817c0, tracepoint:syscalls:sys_exit_clone]: 5783607528898103
@end[erlexec, 11726, 11710, 11869, 4294968197, 0xffff8f3efbed4740, tracepoint:syscalls:sys_exit_clone]: 5783607528899591
@end[erlexec, 11726, 11710, 11876, 4294968197, 0xffff8f3be03fc740, tracepoint:syscalls:sys_exit_clone]: 5783607528900579
@end[erlexec, 11726, 11710, 11877, 4294968197, 0xffff8f3be03fdf00, tracepoint:syscalls:sys_exit_clone]: 5783607528901581
@end[erlexec, 11726, 11710, 11873, 4294968197, 0xffff8f39ffc85f00, tracepoint:syscalls:sys_exit_clone]: 5783607529521286
@end[erlexec, 11726, 11710, 11881, 4294968197, 0xffff8f3be03f97c0, tracepoint:syscalls:sys_exit_clone]: 5783607529552131
@end[erlexec, 11726, 11710, 11872, 4294968197, 0xffff8f3b417c2f80, tracepoint:syscalls:sys_exit_clone]: 5783607529573447
@end[erlexec, 11726, 11710, 11870, 4294968197, 0xffff8f3efbed5f00, tracepoint:syscalls:sys_exit_clone]: 5783607529602450
@end[erlexec, 11726, 11710, 11880, 4294968197, 0xffff8f3be03faf80, tracepoint:syscalls:sys_exit_clone]: 5783607532468035
@end[erlexec, 11726, 11710, 11879, 4294968197, 0xffff8f437f982f80, tracepoint:syscalls:sys_exit_clone]: 5783607532470684
@end[provision-cas.s, 11882, 11710, 11882, 4294968197, 0xffff8f42ac780000, tracepoint:syscalls:sys_exit_fork]: 5783607743112241
@end[nc, 11882, 11710, 11882, 4294968197, 0xffff8f42ac780000, tracepoint:syscalls:sys_exit_execve]: 5783607743274052
@end[provision-cas.s, 11883, 11710, 11883, 4294968197, 0xffff8f42ac784740, tracepoint:syscalls:sys_exit_fork]: 5783607743562977
@end[sleep, 11883, 11710, 11883, 4294968197, 0xffff8f42ac784740, tracepoint:syscalls:sys_exit_execve]: 5783607743697663
@end[provision-cas.s, 11884, 11710, 11884, 4294968197, 0xffff8f3b4dee0000, tracepoint:syscalls:sys_exit_fork]: 5783607843994572
@end[nc, 11884, 11710, 11884, 4294968197, 0xffff8f3b4dee0000, tracepoint:syscalls:sys_exit_execve]: 5783607844136033
@end[provision-cas.s, 11894, 11710, 11894, 4294968197, 0xffff8f4690f35f00, tracepoint:syscalls:sys_exit_fork]: 5783607844402054
@end[sleep, 11894, 11710, 11894, 4294968197, 0xffff8f4690f35f00, tracepoint:syscalls:sys_exit_execve]: 5783607844522562
@end[provision-cas.s, 11895, 11710, 11895, 4294968197, 0xffff8f42ac780000, tracepoint:syscalls:sys_exit_fork]: 5783608144048673
@end[nc, 11895, 11710, 11895, 4294968197, 0xffff8f42ac780000, tracepoint:syscalls:sys_exit_execve]: 5783608144223660
@end[provision-cas.s, 28446, 11710, 28446, 4294968197, 0xffff8f3a06e917c0, tracepoint:syscalls:sys_exit_fork]: 5783608144607495
@end[provision-cas.s, 11896, 11710, 11896, 4294968197, 0xffff8f42ac785f00, tracepoint:syscalls:sys_exit_fork]: 5783608144613278
@end[sleep, 11896, 11710, 11896, 4294968197, 0xffff8f42ac785f00, tracepoint:syscalls:sys_exit_execve]: 5783608144807217
@end[provision-cas.s, 11897, 11710, 11897, 4294968197, 0xffff8f3b4dee4740, tracepoint:syscalls:sys_exit_fork]: 5783608244902753
@end[nc, 11897, 11710, 11897, 4294968197, 0xffff8f3b4dee4740, tracepoint:syscalls:sys_exit_execve]: 5783608245111067
@end[provision-cas.s, 27297, 11710, 27297, 4294968197, 0xffff8f3ac79fdf00, tracepoint:syscalls:sys_exit_fork]: 5783608245495769
@end[provision-cas.s, 11898, 11710, 11898, 4294968197, 0xffff8f3b4dee17c0, tracepoint:syscalls:sys_exit_fork]: 5783608245499712
@end[sleep, 11898, 11710, 11898, 4294968197, 0xffff8f3b4dee17c0, tracepoint:syscalls:sys_exit_execve]: 5783608245684338


@indexed_by: [comm, pid, cpid, tid, cgroup, curtask, probe] = nsecs

@mycpid: 11710

@start[sleep, 11717, 11710, 11717, 4294968197, 0xffff8f37d2b097c0, tracepoint:syscalls:sys_enter_exit_group]: 5783594211040076
@start[provision-cas.s, 11720, 11710, 11720, 4294968197, 0xffff8f37d2b08000, tracepoint:syscalls:sys_enter_execve]: 5783594211233072
@start[nc, 11720, 11710, 11720, 4294968197, 0xffff8f37d2b08000, tracepoint:syscalls:sys_enter_exit_group]: 5783594211582859
@start[provision-cas.s, 11721, 11710, 11721, 4294968197, 0xffff8f37d2b0df00, tracepoint:syscalls:sys_enter_execve]: 5783594211726901
@start[bpftrace_static, 11710, 11710, 11710, 4294968197, 0xffff8f3b417c0000, tracepoint:syscalls:sys_enter_execve]: 5783594218392469
@start[sh, 11710, 11710, 11710, 4294968197, 0xffff8f3b417c0000, tracepoint:syscalls:sys_enter_execve]: 5783594218902021
@start[busybox, 11722, 11710, 11722, 4294968197, 0xffff8f3a2cfc8000, tracepoint:syscalls:sys_enter_execve]: 5783594219243168
@start[date, 11722, 11710, 11722, 4294968197, 0xffff8f3a2cfc8000, tracepoint:syscalls:sys_enter_exit_group]: 5783594219441213
@start[busybox, 11710, 11710, 11710, 4294968197, 0xffff8f3b417c0000, tracepoint:syscalls:sys_enter_fork]: 5783594219508429
@start[busybox, 11723, 11710, 11723, 4294968197, 0xffff8f437f984740, tracepoint:syscalls:sys_enter_execve]: 5783594219578149
@start[strace, 11725, 11710, 11725, 4294968197, 0xffff8f3a2cfc97c0, tracepoint:syscalls:sys_enter_kill]: 5783594220185000
@start[strace, 11725, 11710, 11725, 4294968197, 0xffff8f3a2cfc97c0, tracepoint:syscalls:sys_enter_exit_group]: 5783594220230431
@start[strace, 11723, 11710, 11723, 4294968197, 0xffff8f437f984740, tracepoint:syscalls:sys_enter_fork]: 5783594220354667
@start[strace, 11726, 11710, 11726, 4294968197, 0xffff8f3a2cfcc740, tracepoint:syscalls:sys_enter_kill]: 5783594220406190
@start[strace, 11723, 11710, 11723, 4294968197, 0xffff8f437f984740, tracepoint:syscalls:sys_enter_kill]: 5783594220422032
@start[strace, 11726, 11710, 11726, 4294968197, 0xffff8f3a2cfcc740, tracepoint:syscalls:sys_enter_execve]: 5783594220540555
@start[erl, 11726, 11710, 11726, 4294968197, 0xffff8f3a2cfcc740, tracepoint:syscalls:sys_enter_fork]: 5783594221461968
@start[erl, 11728, 11710, 11728, 4294968197, 0xffff8f44e1af97c0, tracepoint:syscalls:sys_enter_exit_group]: 5783594222035805
@start[erl, 11727, 11710, 11727, 4294968197, 0xffff8f44e1ae0000, tracepoint:syscalls:sys_enter_fork]: 5783594222109482
@start[erl, 11729, 11710, 11729, 4294968197, 0xffff8f3efbed4740, tracepoint:syscalls:sys_enter_execve]: 5783594222297131
@start[sed, 11729, 11710, 11729, 4294968197, 0xffff8f3efbed4740, tracepoint:syscalls:sys_enter_exit_group]: 5783594223086631
@start[erl, 11727, 11710, 11727, 4294968197, 0xffff8f44e1ae0000, tracepoint:syscalls:sys_enter_exit_group]: 5783594223234168
@start[erl, 11726, 11710, 11726, 4294968197, 0xffff8f3a2cfcc740, tracepoint:syscalls:sys_enter_execve]: 5783594223627433
@start[sleep, 11719, 11710, 11719, 4294968197, 0xffff8f3a06e90000, tracepoint:syscalls:sys_enter_exit_group]: 5783594510489650
@start[provision-cas.s, 11730, 11710, 11730, 4294968197, 0xffff8f3a06e95f00, tracepoint:syscalls:sys_enter_execve]: 5783594510694149
@start[nc, 11730, 11710, 11730, 4294968197, 0xffff8f3a06e95f00, tracepoint:syscalls:sys_enter_exit_group]: 5783594510978673
@start[provision-cas.s, 11731, 11710, 11731, 4294968197, 0xffff8f3a06e94740, tracepoint:syscalls:sys_enter_execve]: 5783594511093263
@start[sleep, 11721, 11710, 11721, 4294968197, 0xffff8f37d2b0df00, tracepoint:syscalls:sys_enter_exit_group]: 5783594611992974
@start[provision-cas.s, 11732, 11710, 11732, 4294968197, 0xffff8f3ac79fc740, tracepoint:syscalls:sys_enter_execve]: 5783594612226959
@start[nc, 11732, 11710, 11732, 4294968197, 0xffff8f3ac79fc740, tracepoint:syscalls:sys_enter_exit_group]: 5783594612520729
@start[provision-cas.s, 11733, 11710, 11733, 4294968197, 0xffff8f3ac79f8000, tracepoint:syscalls:sys_enter_execve]: 5783594612675619
@start[sleep, 11731, 11710, 11731, 4294968197, 0xffff8f3a06e94740, tracepoint:syscalls:sys_enter_exit_group]: 5783594911351891
@start[provision-cas.s, 11734, 11710, 11734, 4294968197, 0xffff8f42703d97c0, tracepoint:syscalls:sys_enter_execve]: 5783594911576858
@start[nc, 11734, 11710, 11734, 4294968197, 0xffff8f42703d97c0, tracepoint:syscalls:sys_enter_exit_group]: 5783594911873825
@start[provision-cas.s, 11735, 11710, 11735, 4294968197, 0xffff8f3a06e95f00, tracepoint:syscalls:sys_enter_execve]: 5783594912025157
@start[sleep, 11733, 11710, 11733, 4294968197, 0xffff8f3ac79f8000, tracepoint:syscalls:sys_enter_exit_group]: 5783595012941912
@start[provision-cas.s, 11736, 11710, 11736, 4294968197, 0xffff8f3ac79fc740, tracepoint:syscalls:sys_enter_execve]: 5783595013200851
@start[nc, 11736, 11710, 11736, 4294968197, 0xffff8f3ac79fc740, tracepoint:syscalls:sys_enter_exit_group]: 5783595013535377
@start[provision-cas.s, 11737, 11710, 11737, 4294968197, 0xffff8f4690f317c0, tracepoint:syscalls:sys_enter_execve]: 5783595013684694
@start[sleep, 11735, 11710, 11735, 4294968197, 0xffff8f3a06e95f00, tracepoint:syscalls:sys_enter_exit_group]: 5783595312319066
@start[provision-cas.s, 11738, 11710, 11738, 4294968197, 0xffff8f3a06e90000, tracepoint:syscalls:sys_enter_execve]: 5783595312566044
@start[nc, 11738, 11710, 11738, 4294968197, 0xffff8f3a06e90000, tracepoint:syscalls:sys_enter_exit_group]: 5783595312868403
@start[provision-cas.s, 11739, 11710, 11739, 4294968197, 0xffff8f382fa3c740, tracepoint:syscalls:sys_enter_execve]: 5783595313016769
@start[sleep, 11737, 11710, 11737, 4294968197, 0xffff8f4690f317c0, tracepoint:syscalls:sys_enter_exit_group]: 5783595413947289
@start[provision-cas.s, 11740, 11710, 11740, 4294968197, 0xffff8f3ac79f8000, tracepoint:syscalls:sys_enter_execve]: 5783595414190156
@start[nc, 11740, 11710, 11740, 4294968197, 0xffff8f3ac79f8000, tracepoint:syscalls:sys_enter_exit_group]: 5783595414534814
@start[provision-cas.s, 11741, 11710, 11741, 4294968197, 0xffff8f37d89fdf00, tracepoint:syscalls:sys_enter_execve]: 5783595414680938
@start[sleep, 11739, 11710, 11739, 4294968197, 0xffff8f382fa3c740, tracepoint:syscalls:sys_enter_exit_group]: 5783595713321477
@start[provision-cas.s, 11742, 11710, 11742, 4294968197, 0xffff8f382fa397c0, tracepoint:syscalls:sys_enter_execve]: 5783595713558119
@start[nc, 11742, 11710, 11742, 4294968197, 0xffff8f382fa397c0, tracepoint:syscalls:sys_enter_exit_group]: 5783595713831890
@start[provision-cas.s, 11743, 11710, 11743, 4294968197, 0xffff8f3a06e95f00, tracepoint:syscalls:sys_enter_execve]: 5783595713957182
@start[sleep, 11741, 11710, 11741, 4294968197, 0xffff8f37d89fdf00, tracepoint:syscalls:sys_enter_exit_group]: 5783595814943789
@start[provision-cas.s, 11744, 11710, 11744, 4294968197, 0xffff8f3ac79f8000, tracepoint:syscalls:sys_enter_execve]: 5783595815152899
@start[nc, 11744, 11710, 11744, 4294968197, 0xffff8f3ac79f8000, tracepoint:syscalls:sys_enter_exit_group]: 5783595815448497
@start[provision-cas.s, 11745, 11710, 11745, 4294968197, 0xffff8f3ac79fc740, tracepoint:syscalls:sys_enter_execve]: 5783595815609437
@start[sleep, 11743, 11710, 11743, 4294968197, 0xffff8f3a06e95f00, tracepoint:syscalls:sys_enter_exit_group]: 5783596114186973
@start[provision-cas.s, 11746, 11710, 11746, 4294968197, 0xffff8f38a6f197c0, tracepoint:syscalls:sys_enter_execve]: 5783596114421824
@start[nc, 11746, 11710, 11746, 4294968197, 0xffff8f38a6f197c0, tracepoint:syscalls:sys_enter_exit_group]: 5783596114754528
@start[provision-cas.s, 11747, 11710, 11747, 4294968197, 0xffff8f38a6f18000, tracepoint:syscalls:sys_enter_execve]: 5783596114897518
@start[sleep, 11745, 11710, 11745, 4294968197, 0xffff8f3ac79fc740, tracepoint:syscalls:sys_enter_exit_group]: 5783596215886781
@start[provision-cas.s, 11748, 11710, 11748, 4294968197, 0xffff8f3ac79f8000, tracepoint:syscalls:sys_enter_execve]: 5783596216125037
@start[nc, 11748, 11710, 11748, 4294968197, 0xffff8f3ac79f8000, tracepoint:syscalls:sys_enter_exit_group]: 5783596216402722
@start[provision-cas.s, 11749, 11710, 11749, 4294968197, 0xffff8f3ac79f97c0, tracepoint:syscalls:sys_enter_execve]: 5783596216566391
@start[sleep, 11747, 11710, 11747, 4294968197, 0xffff8f38a6f18000, tracepoint:syscalls:sys_enter_exit_group]: 5783596515125652
@start[provision-cas.s, 11750, 11710, 11750, 4294968197, 0xffff8f38a6f197c0, tracepoint:syscalls:sys_enter_execve]: 5783596515364534
@start[nc, 11750, 11710, 11750, 4294968197, 0xffff8f38a6f197c0, tracepoint:syscalls:sys_enter_exit_group]: 5783596515683325
@start[provision-cas.s, 11751, 11710, 11751, 4294968197, 0xffff8f382fa3c740, tracepoint:syscalls:sys_enter_execve]: 5783596515826536
@start[sleep, 11749, 11710, 11749, 4294968197, 0xffff8f3ac79f97c0, tracepoint:syscalls:sys_enter_exit_group]: 5783596616847259
@start[provision-cas.s, 11752, 11710, 11752, 4294968197, 0xffff8f37d89fdf00, tracepoint:syscalls:sys_enter_execve]: 5783596617078792
@start[nc, 11752, 11710, 11752, 4294968197, 0xffff8f37d89fdf00, tracepoint:syscalls:sys_enter_exit_group]: 5783596617381259
@start[provision-cas.s, 11753, 11710, 11753, 4294968197, 0xffff8f3b4dea2f80, tracepoint:syscalls:sys_enter_execve]: 5783596617518145
@start[sleep, 11751, 11710, 11751, 4294968197, 0xffff8f382fa3c740, tracepoint:syscalls:sys_enter_exit_group]: 5783596916079524
@start[provision-cas.s, 11754, 11710, 11754, 4294968197, 0xffff8f38a6f18000, tracepoint:syscalls:sys_enter_execve]: 5783596916295509
@start[nc, 11754, 11710, 11754, 4294968197, 0xffff8f38a6f18000, tracepoint:syscalls:sys_enter_exit_group]: 5783596916600244
@start[provision-cas.s, 11755, 11710, 11755, 4294968197, 0xffff8f382fa3df00, tracepoint:syscalls:sys_enter_execve]: 5783596916733082
@start[sleep, 11753, 11710, 11753, 4294968197, 0xffff8f3b4dea2f80, tracepoint:syscalls:sys_enter_exit_group]: 5783597017754310
@start[provision-cas.s, 11756, 11710, 11756, 4294968197, 0xffff8f37d89f97c0, tracepoint:syscalls:sys_enter_execve]: 5783597017995958
@start[nc, 11756, 11710, 11756, 4294968197, 0xffff8f37d89f97c0, tracepoint:syscalls:sys_enter_exit_group]: 5783597018307215
@start[provision-cas.s, 11757, 11710, 11757, 4294968197, 0xffff8f37d2b097c0, tracepoint:syscalls:sys_enter_execve]: 5783597018465636
@start[sleep, 11755, 11710, 11755, 4294968197, 0xffff8f382fa3df00, tracepoint:syscalls:sys_enter_exit_group]: 5783597317023385
@start[provision-cas.s, 11758, 11710, 11758, 4294968197, 0xffff8f3a06e95f00, tracepoint:syscalls:sys_enter_execve]: 5783597317250487
@start[nc, 11758, 11710, 11758, 4294968197, 0xffff8f3a06e95f00, tracepoint:syscalls:sys_enter_exit_group]: 5783597317540478
@start[provision-cas.s, 11759, 11710, 11759, 4294968197, 0xffff8f382fa3af80, tracepoint:syscalls:sys_enter_execve]: 5783597317700393
@start[sleep, 11757, 11710, 11757, 4294968197, 0xffff8f37d2b097c0, tracepoint:syscalls:sys_enter_exit_group]: 5783597418764412
@start[provision-cas.s, 11760, 11710, 11760, 4294968197, 0xffff8f3b4dea2f80, tracepoint:syscalls:sys_enter_execve]: 5783597418993739
@start[nc, 11760, 11710, 11760, 4294968197, 0xffff8f3b4dea2f80, tracepoint:syscalls:sys_enter_exit_group]: 5783597419324715
@start[provision-cas.s, 11761, 11710, 11761, 4294968197, 0xffff8f37d2b0af80, tracepoint:syscalls:sys_enter_execve]: 5783597419474488
@start[sleep, 11759, 11710, 11759, 4294968197, 0xffff8f382fa3af80, tracepoint:syscalls:sys_enter_exit_group]: 5783597717958693
@start[provision-cas.s, 11762, 11710, 11762, 4294968197, 0xffff8f42ac785f00, tracepoint:syscalls:sys_enter_execve]: 5783597718189435
@start[nc, 11762, 11710, 11762, 4294968197, 0xffff8f42ac785f00, tracepoint:syscalls:sys_enter_exit_group]: 5783597718480970
@start[provision-cas.s, 11763, 11710, 11763, 4294968197, 0xffff8f42ac7817c0, tracepoint:syscalls:sys_enter_execve]: 5783597718621362
@start[sleep, 11761, 11710, 11761, 4294968197, 0xffff8f37d2b0af80, tracepoint:syscalls:sys_enter_exit_group]: 5783597819764590
@start[provision-cas.s, 11764, 11710, 11764, 4294968197, 0xffff8f37d2b097c0, tracepoint:syscalls:sys_enter_execve]: 5783597819984149
@start[nc, 11764, 11710, 11764, 4294968197, 0xffff8f37d2b097c0, tracepoint:syscalls:sys_enter_exit_group]: 5783597820325616
@start[provision-cas.s, 11765, 11710, 11765, 4294968197, 0xffff8f3b4dea5f00, tracepoint:syscalls:sys_enter_execve]: 5783597820478767
@start[sleep, 11763, 11710, 11763, 4294968197, 0xffff8f42ac7817c0, tracepoint:syscalls:sys_enter_exit_group]: 5783598118864365
@start[provision-cas.s, 11766, 11710, 11766, 4294968197, 0xffff8f382fa38000, tracepoint:syscalls:sys_enter_execve]: 5783598119382706
@start[nc, 11766, 11710, 11766, 4294968197, 0xffff8f382fa38000, tracepoint:syscalls:sys_enter_exit_group]: 5783598119694077
@start[provision-cas.s, 11767, 11710, 11767, 4294968197, 0xffff8f382fa3af80, tracepoint:syscalls:sys_enter_execve]: 5783598119858481
@start[sleep, 11765, 11710, 11765, 4294968197, 0xffff8f3b4dea5f00, tracepoint:syscalls:sys_enter_exit_group]: 5783598220690342
@start[provision-cas.s, 11768, 11710, 11768, 4294968197, 0xffff8f37d88d8000, tracepoint:syscalls:sys_enter_execve]: 5783598220892513
@start[nc, 11768, 11710, 11768, 4294968197, 0xffff8f37d88d8000, tracepoint:syscalls:sys_enter_exit_group]: 5783598221245659
@start[provision-cas.s, 11769, 11710, 11769, 4294968197, 0xffff8f4690f317c0, tracepoint:syscalls:sys_enter_execve]: 5783598221393848
@start[sleep, 11767, 11710, 11767, 4294968197, 0xffff8f382fa3af80, tracepoint:syscalls:sys_enter_exit_group]: 5783598520137718
@start[provision-cas.s, 11770, 11710, 11770, 4294968197, 0xffff8f382fa38000, tracepoint:syscalls:sys_enter_execve]: 5783598520389633
@start[nc, 11770, 11710, 11770, 4294968197, 0xffff8f382fa38000, tracepoint:syscalls:sys_enter_exit_group]: 5783598520767361
@start[provision-cas.s, 11771, 11710, 11771, 4294968197, 0xffff8f382fa3df00, tracepoint:syscalls:sys_enter_execve]: 5783598521105976
@start[sleep, 11769, 11710, 11769, 4294968197, 0xffff8f4690f317c0, tracepoint:syscalls:sys_enter_exit_group]: 5783598621679528
@start[provision-cas.s, 11772, 11710, 11772, 4294968197, 0xffff8f4690f30000, tracepoint:syscalls:sys_enter_execve]: 5783598621905357
@start[nc, 11772, 11710, 11772, 4294968197, 0xffff8f4690f30000, tracepoint:syscalls:sys_enter_exit_group]: 5783598622219602
@start[provision-cas.s, 11773, 11710, 11773, 4294968197, 0xffff8f4690f34740, tracepoint:syscalls:sys_enter_execve]: 5783598622378037
@start[sleep, 11771, 11710, 11771, 4294968197, 0xffff8f382fa3df00, tracepoint:syscalls:sys_enter_exit_group]: 5783598921358434
@start[provision-cas.s, 11774, 11710, 11774, 4294968197, 0xffff8f382fa38000, tracepoint:syscalls:sys_enter_execve]: 5783598921618674
@start[nc, 11774, 11710, 11774, 4294968197, 0xffff8f382fa38000, tracepoint:syscalls:sys_enter_exit_group]: 5783598921928534
@start[provision-cas.s, 11775, 11710, 11775, 4294968197, 0xffff8f39f5024740, tracepoint:syscalls:sys_enter_execve]: 5783598922080830
@start[sleep, 11773, 11710, 11773, 4294968197, 0xffff8f4690f34740, tracepoint:syscalls:sys_enter_exit_group]: 5783599022640514
@start[provision-cas.s, 11776, 11710, 11776, 4294968197, 0xffff8f3b4dee2f80, tracepoint:syscalls:sys_enter_execve]: 5783599022864744
@start[nc, 11776, 11710, 11776, 4294968197, 0xffff8f3b4dee2f80, tracepoint:syscalls:sys_enter_exit_group]: 5783599023192951
@start[provision-cas.s, 11777, 11710, 11777, 4294968197, 0xffff8f37d2b0af80, tracepoint:syscalls:sys_enter_execve]: 5783599023339773
@start[sleep, 11775, 11710, 11775, 4294968197, 0xffff8f39f5024740, tracepoint:syscalls:sys_enter_exit_group]: 5783599322434430
@start[provision-cas.s, 11778, 11710, 11778, 4294968197, 0xffff8f382fa3df00, tracepoint:syscalls:sys_enter_execve]: 5783599322683139
@start[nc, 11778, 11710, 11778, 4294968197, 0xffff8f382fa3df00, tracepoint:syscalls:sys_enter_exit_group]: 5783599323014739
@start[provision-cas.s, 11779, 11710, 11779, 4294968197, 0xffff8f382fa3af80, tracepoint:syscalls:sys_enter_execve]: 5783599323158525
@start[sleep, 11777, 11710, 11777, 4294968197, 0xffff8f37d2b0af80, tracepoint:syscalls:sys_enter_exit_group]: 5783599423587878
@start[provision-cas.s, 11780, 11710, 11780, 4294968197, 0xffff8f3b4dee17c0, tracepoint:syscalls:sys_enter_execve]: 5783599423818156
@start[nc, 11780, 11710, 11780, 4294968197, 0xffff8f3b4dee17c0, tracepoint:syscalls:sys_enter_exit_group]: 5783599424114304
@start[provision-cas.s, 11781, 11710, 11781, 4294968197, 0xffff8f3b4dee4740, tracepoint:syscalls:sys_enter_execve]: 5783599424250905
@start[sleep, 11779, 11710, 11779, 4294968197, 0xffff8f382fa3af80, tracepoint:syscalls:sys_enter_exit_group]: 5783599723430880
@start[provision-cas.s, 11782, 11710, 11782, 4294968197, 0xffff8f3ac7842f80, tracepoint:syscalls:sys_enter_execve]: 5783599723703904
@start[nc, 11782, 11710, 11782, 4294968197, 0xffff8f3ac7842f80, tracepoint:syscalls:sys_enter_exit_group]: 5783599724003137
@start[provision-cas.s, 11783, 11710, 11783, 4294968197, 0xffff8f39f5025f00, tracepoint:syscalls:sys_enter_execve]: 5783599724132796
@start[sleep, 11781, 11710, 11781, 4294968197, 0xffff8f3b4dee4740, tracepoint:syscalls:sys_enter_exit_group]: 5783599824531991
@start[provision-cas.s, 11784, 11710, 11784, 4294968197, 0xffff8f37d88d97c0, tracepoint:syscalls:sys_enter_execve]: 5783599824781574
@start[nc, 11784, 11710, 11784, 4294968197, 0xffff8f37d88d97c0, tracepoint:syscalls:sys_enter_exit_group]: 5783599825105755
@start[provision-cas.s, 11785, 11710, 11785, 4294968197, 0xffff8f37d88ddf00, tracepoint:syscalls:sys_enter_execve]: 5783599825242659
@start[sleep, 11783, 11710, 11783, 4294968197, 0xffff8f39f5025f00, tracepoint:syscalls:sys_enter_exit_group]: 5783600124360907
@start[provision-cas.s, 11786, 11710, 11786, 4294968197, 0xffff8f39f5024740, tracepoint:syscalls:sys_enter_execve]: 5783600124617626
@start[nc, 11786, 11710, 11786, 4294968197, 0xffff8f39f5024740, tracepoint:syscalls:sys_enter_exit_group]: 5783600124936222
@start[provision-cas.s, 11787, 11710, 11787, 4294968197, 0xffff8f39f50217c0, tracepoint:syscalls:sys_enter_execve]: 5783600125080426
@start[sleep, 11785, 11710, 11785, 4294968197, 0xffff8f37d88ddf00, tracepoint:syscalls:sys_enter_exit_group]: 5783600225576243
@start[provision-cas.s, 11788, 11710, 11788, 4294968197, 0xffff8f3e40d1df00, tracepoint:syscalls:sys_enter_execve]: 5783600225816985
@start[nc, 11788, 11710, 11788, 4294968197, 0xffff8f3e40d1df00, tracepoint:syscalls:sys_enter_exit_group]: 5783600226110140
@start[provision-cas.s, 11789, 11710, 11789, 4294968197, 0xffff8f3b4dee4740, tracepoint:syscalls:sys_enter_execve]: 5783600226261172
@start[sleep, 11787, 11710, 11787, 4294968197, 0xffff8f39f50217c0, tracepoint:syscalls:sys_enter_exit_group]: 5783600525380613
@start[provision-cas.s, 11790, 11710, 11790, 4294968197, 0xffff8f39f5025f00, tracepoint:syscalls:sys_enter_execve]: 5783600525608014
@start[nc, 11790, 11710, 11790, 4294968197, 0xffff8f39f5025f00, tracepoint:syscalls:sys_enter_exit_group]: 5783600525903583
@start[provision-cas.s, 11791, 11710, 11791, 4294968197, 0xffff8f39f5020000, tracepoint:syscalls:sys_enter_execve]: 5783600526026868
@start[sleep, 11789, 11710, 11789, 4294968197, 0xffff8f3b4dee4740, tracepoint:syscalls:sys_enter_exit_group]: 5783600626516039
@start[provision-cas.s, 11792, 11710, 11792, 4294968197, 0xffff8f3b4dee17c0, tracepoint:syscalls:sys_enter_execve]: 5783600626743448
@start[nc, 11792, 11710, 11792, 4294968197, 0xffff8f3b4dee17c0, tracepoint:syscalls:sys_enter_exit_group]: 5783600627076368
@start[provision-cas.s, 11793, 11710, 11793, 4294968197, 0xffff8f3b4dee2f80, tracepoint:syscalls:sys_enter_execve]: 5783600627224109
@start[sleep, 11791, 11710, 11791, 4294968197, 0xffff8f39f5020000, tracepoint:syscalls:sys_enter_exit_group]: 5783600926333929
@start[provision-cas.s, 11794, 11710, 11794, 4294968197, 0xffff8f39f5025f00, tracepoint:syscalls:sys_enter_execve]: 5783600926541443
@start[nc, 11794, 11710, 11794, 4294968197, 0xffff8f39f5025f00, tracepoint:syscalls:sys_enter_exit_group]: 5783600926864678
@start[provision-cas.s, 11795, 11710, 11795, 4294968197, 0xffff8f39d3eb17c0, tracepoint:syscalls:sys_enter_execve]: 5783600927039482
@start[sleep, 11793, 11710, 11793, 4294968197, 0xffff8f3b4dee2f80, tracepoint:syscalls:sys_enter_exit_group]: 5783601027471317
@start[provision-cas.s, 11796, 11710, 11796, 4294968197, 0xffff8f3b4dee17c0, tracepoint:syscalls:sys_enter_execve]: 5783601027692747
@start[nc, 11796, 11710, 11796, 4294968197, 0xffff8f3b4dee17c0, tracepoint:syscalls:sys_enter_exit_group]: 5783601028020812
@start[provision-cas.s, 11797, 11710, 11797, 4294968197, 0xffff8f3e40d18000, tracepoint:syscalls:sys_enter_execve]: 5783601028236102
@start[sleep, 11795, 11710, 11795, 4294968197, 0xffff8f39d3eb17c0, tracepoint:syscalls:sys_enter_exit_group]: 5783601327319206
@start[provision-cas.s, 11798, 11710, 11798, 4294968197, 0xffff8f3a06e90000, tracepoint:syscalls:sys_enter_execve]: 5783601327540184
@start[nc, 11798, 11710, 11798, 4294968197, 0xffff8f3a06e90000, tracepoint:syscalls:sys_enter_exit_group]: 5783601327816620
@start[provision-cas.s, 11799, 11710, 11799, 4294968197, 0xffff8f3a06e94740, tracepoint:syscalls:sys_enter_execve]: 5783601327940024
@start[sleep, 11797, 11710, 11797, 4294968197, 0xffff8f3e40d18000, tracepoint:syscalls:sys_enter_exit_group]: 5783601428530426
@start[provision-cas.s, 11800, 11710, 11800, 4294968197, 0xffff8f3e40d197c0, tracepoint:syscalls:sys_enter_execve]: 5783601428755215
@start[nc, 11800, 11710, 11800, 4294968197, 0xffff8f3e40d197c0, tracepoint:syscalls:sys_enter_exit_group]: 5783601429100565
@start[provision-cas.s, 11801, 11710, 11801, 4294968197, 0xffff8f37d2b0df00, tracepoint:syscalls:sys_enter_execve]: 5783601429238358
@start[sleep, 11799, 11710, 11799, 4294968197, 0xffff8f3a06e94740, tracepoint:syscalls:sys_enter_exit_group]: 5783601728173043
@start[provision-cas.s, 11802, 11710, 11802, 4294968197, 0xffff8f382fa3c740, tracepoint:syscalls:sys_enter_execve]: 5783601728401368
@start[nc, 11802, 11710, 11802, 4294968197, 0xffff8f382fa3c740, tracepoint:syscalls:sys_enter_exit_group]: 5783601728706149
@start[provision-cas.s, 11803, 11710, 11803, 4294968197, 0xffff8f382fa397c0, tracepoint:syscalls:sys_enter_execve]: 5783601728833110
@start[sleep, 11801, 11710, 11801, 4294968197, 0xffff8f37d2b0df00, tracepoint:syscalls:sys_enter_exit_group]: 5783601829521388
@start[provision-cas.s, 11804, 11710, 11804, 4294968197, 0xffff8f3b4dee2f80, tracepoint:syscalls:sys_enter_execve]: 5783601829757169
@start[nc, 11804, 11710, 11804, 4294968197, 0xffff8f3b4dee2f80, tracepoint:syscalls:sys_enter_exit_group]: 5783601830067012
@start[provision-cas.s, 11805, 11710, 11805, 4294968197, 0xffff8f3b4dee4740, tracepoint:syscalls:sys_enter_execve]: 5783601830226362
@start[sleep, 11803, 11710, 11803, 4294968197, 0xffff8f382fa397c0, tracepoint:syscalls:sys_enter_exit_group]: 5783602129141530
@start[provision-cas.s, 11806, 11710, 11806, 4294968197, 0xffff8f42ac7817c0, tracepoint:syscalls:sys_enter_execve]: 5783602129379827
@start[nc, 11806, 11710, 11806, 4294968197, 0xffff8f42ac7817c0, tracepoint:syscalls:sys_enter_exit_group]: 5783602129872422
@start[provision-cas.s, 11807, 11710, 11807, 4294968197, 0xffff8f3ac7842f80, tracepoint:syscalls:sys_enter_execve]: 5783602130012152
@start[sleep, 11805, 11710, 11805, 4294968197, 0xffff8f3b4dee4740, tracepoint:syscalls:sys_enter_exit_group]: 5783602230481679
@start[provision-cas.s, 11808, 11710, 11808, 4294968197, 0xffff8f3b4dee0000, tracepoint:syscalls:sys_enter_execve]: 5783602230689679
@start[nc, 11808, 11710, 11808, 4294968197, 0xffff8f3b4dee0000, tracepoint:syscalls:sys_enter_exit_group]: 5783602230978430
@start[provision-cas.s, 11809, 11710, 11809, 4294968197, 0xffff8f3b4dea0000, tracepoint:syscalls:sys_enter_execve]: 5783602231124336
@start[sleep, 11807, 11710, 11807, 4294968197, 0xffff8f3ac7842f80, tracepoint:syscalls:sys_enter_exit_group]: 5783602530260065
@start[provision-cas.s, 11810, 11710, 11810, 4294968197, 0xffff8f3ac7840000, tracepoint:syscalls:sys_enter_execve]: 5783602530489296
@start[nc, 11810, 11710, 11810, 4294968197, 0xffff8f3ac7840000, tracepoint:syscalls:sys_enter_exit_group]: 5783602530777770
@start[provision-cas.s, 11811, 11710, 11811, 4294968197, 0xffff8f3a06e90000, tracepoint:syscalls:sys_enter_execve]: 5783602530900335
@start[sleep, 11809, 11710, 11809, 4294968197, 0xffff8f3b4dea0000, tracepoint:syscalls:sys_enter_exit_group]: 5783602631387604
@start[provision-cas.s, 11812, 11710, 11812, 4294968197, 0xffff8f37d88ddf00, tracepoint:syscalls:sys_enter_execve]: 5783602631625496
@start[nc, 11812, 11710, 11812, 4294968197, 0xffff8f37d88ddf00, tracepoint:syscalls:sys_enter_exit_group]: 5783602631959381
@start[provision-cas.s, 11813, 11710, 11813, 4294968197, 0xffff8f3b4dee4740, tracepoint:syscalls:sys_enter_execve]: 5783602632107072
@start[sleep, 11811, 11710, 11811, 4294968197, 0xffff8f3a06e90000, tracepoint:syscalls:sys_enter_exit_group]: 5783602931156768
@start[provision-cas.s, 11814, 11710, 11814, 4294968197, 0xffff8f3ac7842f80, tracepoint:syscalls:sys_enter_execve]: 5783602931377296
@start[nc, 11814, 11710, 11814, 4294968197, 0xffff8f3ac7842f80, tracepoint:syscalls:sys_enter_exit_group]: 5783602931669899
@start[provision-cas.s, 11815, 11710, 11815, 4294968197, 0xffff8f39f5020000, tracepoint:syscalls:sys_enter_execve]: 5783602931811492
@start[sleep, 11813, 11710, 11813, 4294968197, 0xffff8f3b4dee4740, tracepoint:syscalls:sys_enter_exit_group]: 5783603032387547
@start[provision-cas.s, 11816, 11710, 11816, 4294968197, 0xffff8f3b4dee0000, tracepoint:syscalls:sys_enter_execve]: 5783603032625799
@start[nc, 11816, 11710, 11816, 4294968197, 0xffff8f3b4dee0000, tracepoint:syscalls:sys_enter_exit_group]: 5783603032924773
@start[provision-cas.s, 11817, 11710, 11817, 4294968197, 0xffff8f3b4dee2f80, tracepoint:syscalls:sys_enter_execve]: 5783603033069363
@start[sleep, 11815, 11710, 11815, 4294968197, 0xffff8f39f5020000, tracepoint:syscalls:sys_enter_exit_group]: 5783603332053966
@start[provision-cas.s, 11818, 11710, 11818, 4294968197, 0xffff8f39f50217c0, tracepoint:syscalls:sys_enter_execve]: 5783603332299009
@start[nc, 11818, 11710, 11818, 4294968197, 0xffff8f39f50217c0, tracepoint:syscalls:sys_enter_exit_group]: 5783603332593641
@start[provision-cas.s, 11819, 11710, 11819, 4294968197, 0xffff8f42703dc740, tracepoint:syscalls:sys_enter_execve]: 5783603332726666
@start[sleep, 11817, 11710, 11817, 4294968197, 0xffff8f3b4dee2f80, tracepoint:syscalls:sys_enter_exit_group]: 5783603433352733
@start[provision-cas.s, 11820, 11710, 11820, 4294968197, 0xffff8f37d89f8000, tracepoint:syscalls:sys_enter_execve]: 5783603433614331
@start[nc, 11820, 11710, 11820, 4294968197, 0xffff8f37d89f8000, tracepoint:syscalls:sys_enter_exit_group]: 5783603433905421
@start[provision-cas.s, 11821, 11710, 11821, 4294968197, 0xffff8f37d89faf80, tracepoint:syscalls:sys_enter_execve]: 5783603434047515
@start[sleep, 11819, 11710, 11819, 4294968197, 0xffff8f42703dc740, tracepoint:syscalls:sys_enter_exit_group]: 5783603732987777
@start[provision-cas.s, 11822, 11710, 11822, 4294968197, 0xffff8f3a06e90000, tracepoint:syscalls:sys_enter_execve]: 5783603733209214
@start[nc, 11822, 11710, 11822, 4294968197, 0xffff8f3a06e90000, tracepoint:syscalls:sys_enter_exit_group]: 5783603733515926
@start[provision-cas.s, 11827, 11710, 11827, 4294968197, 0xffff8f42703daf80, tracepoint:syscalls:sys_enter_execve]: 5783603733658083
@start[sleep, 11821, 11710, 11821, 4294968197, 0xffff8f37d89faf80, tracepoint:syscalls:sys_enter_exit_group]: 5783603834328413
@start[provision-cas.s, 11828, 11710, 11828, 4294968197, 0xffff8f37d89f8000, tracepoint:syscalls:sys_enter_execve]: 5783603834556558
@start[nc, 11828, 11710, 11828, 4294968197, 0xffff8f37d89f8000, tracepoint:syscalls:sys_enter_exit_group]: 5783603834868264
@start[provision-cas.s, 11829, 11710, 11829, 4294968197, 0xffff8f37d89fc740, tracepoint:syscalls:sys_enter_execve]: 5783603835002313
@start[sleep, 11827, 11710, 11827, 4294968197, 0xffff8f42703daf80, tracepoint:syscalls:sys_enter_exit_group]: 5783604133961969
@start[provision-cas.s, 11830, 11710, 11830, 4294968197, 0xffff8f39d3eb4740, tracepoint:syscalls:sys_enter_execve]: 5783604134197087
@start[nc, 11830, 11710, 11830, 4294968197, 0xffff8f39d3eb4740, tracepoint:syscalls:sys_enter_exit_group]: 5783604134510604
@start[provision-cas.s, 11831, 11710, 11831, 4294968197, 0xffff8f39d3eb0000, tracepoint:syscalls:sys_enter_execve]: 5783604134653573
@start[sleep, 11829, 11710, 11829, 4294968197, 0xffff8f37d89fc740, tracepoint:syscalls:sys_enter_exit_group]: 5783604235275760
@start[provision-cas.s, 11832, 11710, 11832, 4294968197, 0xffff8f37d88d97c0, tracepoint:syscalls:sys_enter_execve]: 5783604235504515
@start[nc, 11832, 11710, 11832, 4294968197, 0xffff8f37d88d97c0, tracepoint:syscalls:sys_enter_exit_group]: 5783604235805658
@start[provision-cas.s, 11833, 11710, 11833, 4294968197, 0xffff8f37d88daf80, tracepoint:syscalls:sys_enter_execve]: 5783604235957172
@start[sleep, 11831, 11710, 11831, 4294968197, 0xffff8f39d3eb0000, tracepoint:syscalls:sys_enter_exit_group]: 5783604534937963
@start[provision-cas.s, 11834, 11710, 11834, 4294968197, 0xffff8f38a6f18000, tracepoint:syscalls:sys_enter_execve]: 5783604535166035
@start[nc, 11834, 11710, 11834, 4294968197, 0xffff8f38a6f18000, tracepoint:syscalls:sys_enter_exit_group]: 5783604535505239
@start[provision-cas.s, 11835, 11710, 11835, 4294968197, 0xffff8f38a6f197c0, tracepoint:syscalls:sys_enter_execve]: 5783604535658219
@start[sleep, 11833, 11710, 11833, 4294968197, 0xffff8f37d88daf80, tracepoint:syscalls:sys_enter_exit_group]: 5783604636215483
@start[provision-cas.s, 11836, 11710, 11836, 4294968197, 0xffff8f37d88d97c0, tracepoint:syscalls:sys_enter_execve]: 5783604636463807
@start[nc, 11836, 11710, 11836, 4294968197, 0xffff8f37d88d97c0, tracepoint:syscalls:sys_enter_exit_group]: 5783604636792038
@start[provision-cas.s, 11837, 11710, 11837, 4294968197, 0xffff8f3ac79f8000, tracepoint:syscalls:sys_enter_execve]: 5783604636931485
@start[sleep, 11835, 11710, 11835, 4294968197, 0xffff8f38a6f197c0, tracepoint:syscalls:sys_enter_exit_group]: 5783604935891751
@start[provision-cas.s, 11838, 11710, 11838, 4294968197, 0xffff8f382fa3c740, tracepoint:syscalls:sys_enter_execve]: 5783604936116283
@start[nc, 11838, 11710, 11838, 4294968197, 0xffff8f382fa3c740, tracepoint:syscalls:sys_enter_exit_group]: 5783604936449447
@start[provision-cas.s, 11839, 11710, 11839, 4294968197, 0xffff8f38a6f18000, tracepoint:syscalls:sys_enter_execve]: 5783604936596186
@start[sleep, 11837, 11710, 11837, 4294968197, 0xffff8f3ac79f8000, tracepoint:syscalls:sys_enter_exit_group]: 5783605037209346
@start[provision-cas.s, 11840, 11710, 11840, 4294968197, 0xffff8f3ac79fc740, tracepoint:syscalls:sys_enter_execve]: 5783605037436656
@start[nc, 11840, 11710, 11840, 4294968197, 0xffff8f3ac79fc740, tracepoint:syscalls:sys_enter_exit_group]: 5783605037752640
@start[provision-cas.s, 11841, 11710, 11841, 4294968197, 0xffff8f4690f317c0, tracepoint:syscalls:sys_enter_execve]: 5783605037895958
@start[sleep, 11839, 11710, 11839, 4294968197, 0xffff8f38a6f18000, tracepoint:syscalls:sys_enter_exit_group]: 5783605336887064
@start[provision-cas.s, 11842, 11710, 11842, 4294968197, 0xffff8f38a6f1df00, tracepoint:syscalls:sys_enter_execve]: 5783605337151095
@start[nc, 11842, 11710, 11842, 4294968197, 0xffff8f38a6f1df00, tracepoint:syscalls:sys_enter_exit_group]: 5783605337475932
@start[provision-cas.s, 11843, 11710, 11843, 4294968197, 0xffff8f38a6f1af80, tracepoint:syscalls:sys_enter_execve]: 5783605337609283
@start[sleep, 11841, 11710, 11841, 4294968197, 0xffff8f4690f317c0, tracepoint:syscalls:sys_enter_exit_group]: 5783605438213167
@start[provision-cas.s, 11844, 11710, 11844, 4294968197, 0xffff8f4690f32f80, tracepoint:syscalls:sys_enter_execve]: 5783605438433132
@start[nc, 11844, 11710, 11844, 4294968197, 0xffff8f4690f32f80, tracepoint:syscalls:sys_enter_exit_group]: 5783605438716611
@start[provision-cas.s, 11845, 11710, 11845, 4294968197, 0xffff8f4690f35f00, tracepoint:syscalls:sys_enter_execve]: 5783605438863386
@start[sleep, 11843, 11710, 11843, 4294968197, 0xffff8f38a6f1af80, tracepoint:syscalls:sys_enter_exit_group]: 5783605737870103
@start[provision-cas.s, 11846, 11710, 11846, 4294968197, 0xffff8f38a6f1df00, tracepoint:syscalls:sys_enter_execve]: 5783605738116889
@start[nc, 11846, 11710, 11846, 4294968197, 0xffff8f38a6f1df00, tracepoint:syscalls:sys_enter_exit_group]: 5783605738465013
@start[provision-cas.s, 11847, 11710, 11847, 4294968197, 0xffff8f42ac785f00, tracepoint:syscalls:sys_enter_execve]: 5783605738622217
@start[sleep, 11845, 11710, 11845, 4294968197, 0xffff8f4690f35f00, tracepoint:syscalls:sys_enter_exit_group]: 5783605839154949
@start[provision-cas.s, 11848, 11710, 11848, 4294968197, 0xffff8f4690f317c0, tracepoint:syscalls:sys_enter_execve]: 5783605839375627
@start[nc, 11848, 11710, 11848, 4294968197, 0xffff8f4690f317c0, tracepoint:syscalls:sys_enter_exit_group]: 5783605839671398
@start[provision-cas.s, 11849, 11710, 11849, 4294968197, 0xffff8f3e40d18000, tracepoint:syscalls:sys_enter_execve]: 5783605839809167
@start[sleep, 11847, 11710, 11847, 4294968197, 0xffff8f42ac785f00, tracepoint:syscalls:sys_enter_exit_group]: 5783606138983974
@start[provision-cas.s, 11850, 11710, 11850, 4294968197, 0xffff8f42ac782f80, tracepoint:syscalls:sys_enter_execve]: 5783606139241555
@start[nc, 11850, 11710, 11850, 4294968197, 0xffff8f42ac782f80, tracepoint:syscalls:sys_enter_exit_group]: 5783606139621845
@start[provision-cas.s, 11851, 11710, 11851, 4294968197, 0xffff8f42ac780000, tracepoint:syscalls:sys_enter_execve]: 5783606139776746
@start[sleep, 11849, 11710, 11849, 4294968197, 0xffff8f3e40d18000, tracepoint:syscalls:sys_enter_exit_group]: 5783606240062951
@start[provision-cas.s, 11852, 11710, 11852, 4294968197, 0xffff8f37d89faf80, tracepoint:syscalls:sys_enter_execve]: 5783606240305942
@start[nc, 11852, 11710, 11852, 4294968197, 0xffff8f37d89faf80, tracepoint:syscalls:sys_enter_exit_group]: 5783606240648478
@start[provision-cas.s, 11853, 11710, 11853, 4294968197, 0xffff8f37d89fc740, tracepoint:syscalls:sys_enter_execve]: 5783606240796204
@start[sleep, 11851, 11710, 11851, 4294968197, 0xffff8f42ac780000, tracepoint:syscalls:sys_enter_exit_group]: 5783606540049819
@start[provision-cas.s, 11854, 11710, 11854, 4294968197, 0xffff8f42ac782f80, tracepoint:syscalls:sys_enter_execve]: 5783606540285318
@start[nc, 11854, 11710, 11854, 4294968197, 0xffff8f42ac782f80, tracepoint:syscalls:sys_enter_exit_group]: 5783606540587947
@start[provision-cas.s, 11855, 11710, 11855, 4294968197, 0xffff8f38a6f1af80, tracepoint:syscalls:sys_enter_execve]: 5783606540720635
@start[sleep, 11853, 11710, 11853, 4294968197, 0xffff8f37d89fc740, tracepoint:syscalls:sys_enter_exit_group]: 5783606641070769
@start[provision-cas.s, 11856, 11710, 11856, 4294968197, 0xffff8f37d89faf80, tracepoint:syscalls:sys_enter_execve]: 5783606641272911
@start[nc, 11856, 11710, 11856, 4294968197, 0xffff8f37d89faf80, tracepoint:syscalls:sys_enter_exit_group]: 5783606641554622
@start[provision-cas.s, 11857, 11710, 11857, 4294968197, 0xffff8f37d89f8000, tracepoint:syscalls:sys_enter_execve]: 5783606641687130
@start[sleep, 11855, 11710, 11855, 4294968197, 0xffff8f38a6f1af80, tracepoint:syscalls:sys_enter_exit_group]: 5783606941058758
@start[provision-cas.s, 11858, 11710, 11858, 4294968197, 0xffff8f38a6f18000, tracepoint:syscalls:sys_enter_execve]: 5783606941261676
@start[nc, 11858, 11710, 11858, 4294968197, 0xffff8f38a6f18000, tracepoint:syscalls:sys_enter_exit_group]: 5783606941558665
@start[provision-cas.s, 11859, 11710, 11859, 4294968197, 0xffff8f382fa3c740, tracepoint:syscalls:sys_enter_execve]: 5783606941690110
@start[sleep, 11857, 11710, 11857, 4294968197, 0xffff8f37d89f8000, tracepoint:syscalls:sys_enter_exit_group]: 5783607041952470
@start[provision-cas.s, 11860, 11710, 11860, 4294968197, 0xffff8f3ac79f8000, tracepoint:syscalls:sys_enter_execve]: 5783607042196120
@start[nc, 11860, 11710, 11860, 4294968197, 0xffff8f3ac79f8000, tracepoint:syscalls:sys_enter_exit_group]: 5783607042516459
@start[provision-cas.s, 11861, 11710, 11861, 4294968197, 0xffff8f3ac79fc740, tracepoint:syscalls:sys_enter_execve]: 5783607042651559
@start[sleep, 11859, 11710, 11859, 4294968197, 0xffff8f382fa3c740, tracepoint:syscalls:sys_enter_exit_group]: 5783607341966616
@start[provision-cas.s, 11862, 11710, 11862, 4294968197, 0xffff8f42ac780000, tracepoint:syscalls:sys_enter_execve]: 5783607342209373
@start[nc, 11862, 11710, 11862, 4294968197, 0xffff8f42ac780000, tracepoint:syscalls:sys_enter_exit_group]: 5783607342521374
@start[provision-cas.s, 11863, 11710, 11863, 4294968197, 0xffff8f42ac785f00, tracepoint:syscalls:sys_enter_execve]: 5783607342682021
@start[sleep, 11861, 11710, 11861, 4294968197, 0xffff8f3ac79fc740, tracepoint:syscalls:sys_enter_exit_group]: 5783607442884090
@start[provision-cas.s, 11864, 11710, 11864, 4294968197, 0xffff8f37d89faf80, tracepoint:syscalls:sys_enter_execve]: 5783607443125894
@start[nc, 11864, 11710, 11864, 4294968197, 0xffff8f37d89faf80, tracepoint:syscalls:sys_enter_exit_group]: 5783607443423522
@start[provision-cas.s, 11865, 11710, 11865, 4294968197, 0xffff8f37d89fc740, tracepoint:syscalls:sys_enter_execve]: 5783607443565616
@start[erlexec, 11726, 11710, 11726, 4294968197, 0xffff8f3a2cfcc740, tracepoint:syscalls:sys_enter_clone]: 5783607528578479
@start[erlexec, 11726, 11710, 11873, 4294968197, 0xffff8f39ffc85f00, tracepoint:syscalls:sys_enter_clone]: 5783607529499392
@start[erlexec, 11726, 11710, 11872, 4294968197, 0xffff8f3b417c2f80, tracepoint:syscalls:sys_enter_clone]: 5783607529510967
@start[erlexec, 11726, 11710, 11870, 4294968197, 0xffff8f3efbed5f00, tracepoint:syscalls:sys_enter_clone]: 5783607529535894
@start[erlexec, 11726, 11710, 11876, 4294968197, 0xffff8f3be03fc740, tracepoint:syscalls:sys_enter_exit_group]: 5783607545094932
@start[sleep, 11863, 11710, 11863, 4294968197, 0xffff8f42ac785f00, tracepoint:syscalls:sys_enter_exit_group]: 5783607742947294
@start[provision-cas.s, 11882, 11710, 11882, 4294968197, 0xffff8f42ac780000, tracepoint:syscalls:sys_enter_execve]: 5783607743151929
@start[nc, 11882, 11710, 11882, 4294968197, 0xffff8f42ac780000, tracepoint:syscalls:sys_enter_exit_group]: 5783607743461362
@start[provision-cas.s, 28446, 11710, 28446, 4294968197, 0xffff8f3a06e917c0, tracepoint:syscalls:sys_enter_fork]: 5783607743528608
@start[provision-cas.s, 11883, 11710, 11883, 4294968197, 0xffff8f42ac784740, tracepoint:syscalls:sys_enter_execve]: 5783607743601507
@start[strace, 11723, 11710, 11723, 4294968197, 0xffff8f437f984740, tracepoint:syscalls:sys_enter_exit_group]: 5783607748061099
@start[busybox, 11710, 11710, 11710, 4294968197, 0xffff8f3b417c0000, tracepoint:syscalls:sys_enter_exit_group]: 5783607748178242
@start[sleep, 11865, 11710, 11865, 4294968197, 0xffff8f37d89fc740, tracepoint:syscalls:sys_enter_exit_group]: 5783607843822417
@start[provision-cas.s, 11884, 11710, 11884, 4294968197, 0xffff8f3b4dee0000, tracepoint:syscalls:sys_enter_execve]: 5783607844041959
@start[nc, 11884, 11710, 11884, 4294968197, 0xffff8f3b4dee0000, tracepoint:syscalls:sys_enter_exit_group]: 5783607844309999
@start[provision-cas.s, 27297, 11710, 27297, 4294968197, 0xffff8f3ac79fdf00, tracepoint:syscalls:sys_enter_fork]: 5783607844371239
@start[provision-cas.s, 11894, 11710, 11894, 4294968197, 0xffff8f4690f35f00, tracepoint:syscalls:sys_enter_execve]: 5783607844449269

